Case #1:
GCJ
GCJ
GCJ
Case #2:
CODE
JJAM
JJAM
Case #3:
CA
KE
Case #4:
A
Case #5:
AAAAEBBBBFFFFFFFFHIJJJJJJ
AAAAEBBBBFFFFFFFFHIJJJJJJ
AAAAEBBBBFFFFFFFFHIJJJJJJ
AAAAEBBBBFFFFFFFFHIJJJJJJ
AAAAEBBBBFFFFFFFFHIJJJJJJ
AAAAEBBBBFFFFFFFFHIJJJJJJ
AAAAEBBBBFFFFFFFFHIJJJJJJ
AAAAEBBBBFFFFFFFFHIJJJJJJ
AAAAEBBBBFFFFFFFFHIJJJJJJ
CCCCEDDDDFFFFFFFFHIJJJJJJ
CCCCEDDDDFFFFFFFFHIJJJJJJ
CCCCEDDDDFFFFFFFFHIJJJJJJ
CCCCEDDDDFFFFFFFFHIJJJJJJ
CCCCEDDDDFFFFFFFFHIJJJJJJ
CCCCEDDDDFFFFFFFFHIJJJJJJ
CCCCEDDDDFFFFFFFFHIJJJJJJ
CCCCEDDDDFFFFFFFFHIJJJJJJ
CCCCEDDDDFFFFFFFFHIJJJJJJ
CCCCEDDDDFFFFFFFFHIJJJJJJ
CCCCEDDDDFFFFFFFFHIJJJJJJ
GGGGGGGGGGGGGGGGGHIJJJJJJ
GGGGGGGGGGGGGGGGGHIJJJJJJ
GGGGGGGGGGGGGGGGGHIJJJJJJ
GGGGGGGGGGGGGGGGGHIJJJJJJ
GGGGGGGGGGGGGGGGGHIJJJJJJ
Case #6:
YHVKBFFFAWPZZGSQIMMLLLLLL
YHVKBFFFAWPZZNSQIMMLLLLLL
OHVKBFFFAWPZZNSQIMMLLLLLL
OHVKBFFFAWPZZNSQIMMLLLLLL
OHVKBFFFAWPZZCSQIMMLLLLLL
OHVKBFFFAWPZZCSQIMMLLLLLL
OHVKBFFFAWPZZCSEIXXRRRRRR
OHVKBFFFAWPZZCSEIXXRRRRRR
OHVKTTTTAWPZZCSEIXXRRRRRR
OHVKTTTTAWPZZCSEIXXRRRRRR
OHJKTTTTAWPZZCSEIXXRRRRRR
OHJKTTTTAWPZZCSEIXXRRRRRR
OHJKTTTTAWPZZCSEIXXRRRRRR
OHJKTTTTAWPZZCSEIXXUUUUUU
OHJKTTTTAWPZZCSEIXXUUUUUU
OHJKTTTTAWPZZCSEIXXUUUUUU
OHJKTTTTAWPZZCSEIXXUUUUUU
OHJKTTTTAWPZZCSEIXXUUUUUU
OHJKTTTTAWPZZCSEIXXUUUUUU
OHJDTTTTAWPZZCSEIXXUUUUUU
OHJDTTTTAWPZZCSEIXXUUUUUU
OHJDTTTTAWPZZCSEIXXUUUUUU
OHJDTTTTAWPZZCSEIXXUUUUUU
OHJDTTTTAWPZZCSEIXXUUUUUU
OHJDTTTTAWPZZCSEIXXUUUUUU
Case #7:
BHHLANNXJJRRUYYYQQQMTTTEI
BHHLANNXJJRRUYYYQQQMTTTEI
DHHLANNXJJRRUYYYQQQMTTTEI
DHHLANNXJJGGGYYYQQQMTTTEI
DHHLANNXJJGGGYYYQQQMTTTEI
DHHLANNXJJGGGZZZQQQMTTTEI
DHHLANNXSSGGGZZZQQQMTTTEI
DHHLANNXSSGGGZZZQQQMTTTEI
DHHLANNXSSGGGZZZQQQMTTTEI
DHHLANNXSSGGGZZZQQQMTTTEI
DHHLANNXSSGGGZZZQQQMTTTEI
DHHLANNXSSGGGZZZQQQMTTTEI
DHHLANNXSSGGGZZZQQQMTTTEI
DHHLFNNXSSGGGZZZQQQMTTTEI
DHHLFNNXSSGGGZZZQQQMTTTEI
DHHLFNNXSSGGGZZZQQQMTTTEI
DKKKFNNXSSGGGZZZCCCCCCCEI
DKKKWNNXPPGGGZZZCCCCCCCEI
DKKKVNNXPPGGGZZZCCCCCCCEI
DKKKVNNXPPGGGZZZOOOOOOOEI
DKKKVNNXPPGGGZZZOOOOOOOEI
DKKKVNNXPPGGGZZZOOOOOOOEI
DKKKVNNXPPGGGZZZOOOOOOOEI
DKKKVNNXPPGGGZZZOOOOOOOEI
DKKKVNNXPPGGGZZZOOOOOOOEI
Case #8:
BA
BA
Case #9:
SSSSSSSSSSSSSVQQQFOKKJCEG
SSSSSSSSSSSSSVQQQFOKKJCEG
SSSSSSSSSSSSSVQQQFOAAJCEG
SSSSSSSSSSSSSVQQQFOAAJBEG
SSSSSSSSSSSSSVQQQFOAAJBEG
SSSSSSSSSSSSSVQQQFOHHMBTU
SSSSSSSSSSSSSVQQQFOHHPBTU
SSSSSSSSSSSSSVQQQFOHHPBTU
SSSSSSSSSSSSSVQQQFOIIPLTU
SSSSSSSSSSSSSNQQQFOIIYLTU
SSSSSSSSSSSSSNQQQFOWWZRXU
SSSSSSSSSSSSSNQQQFOWWZRXU
SSSSSSSSSSSSSNQQQFOWWZRDU
SSSSSSSSSSSSSNQQQFOWWZRDU
SSSSSSSSSSSSSNQQQFOWWZRDU
SSSSSSSSSSSSSNQQQFOWWZRDU
SSSSSSSSSSSSSNQQQFOWWZRDU
SSSSSSSSSSSSSNQQQFOWWZRDU
SSSSSSSSSSSSSNQQQFOWWZRDU
SSSSSSSSSSSSSNQQQFOWWZRDU
SSSSSSSSSSSSSNQQQFOWWZRDU
SSSSSSSSSSSSSNQQQFOWWZRDU
SSSSSSSSSSSSSNQQQFOWWZRDU
SSSSSSSSSSSSSNQQQFOWWZRDU
SSSSSSSSSSSSSNQQQFOWWZRDU
Case #10:
HTNNJOLLXFFFZVCCWKKMAAUGG
HTNNJOLLXFFFZVCCWKKMAAUGG
HTNNJOLLIFFFZVCCWKKMAAUGG
HQNNJOLLIFFFZVCCWKKMAAUGG
HQNNJOLLIFFFZVCCWKKMAAUGG
HQNNJOLLIFFFZVCCWKKMAAUGG
HQNNJOLLIFFFPVCCWKKMAAUGG
HQNNJOLLIFFFPVCCWKKMAAUGG
HQNNJOLLIFFFPVCCWKKDAAUGG
SQNNJOLLIFFFPVCCWKKDAAUGG
BQNNJOLLIFFFRVCCWKKDAAUGG
BQNNJOLLYEEERVCCWKKDAAUGG
BQNNJOLLYEEERVCCWKKDAAUGG
BQNNJOLLYEEERVCCWKKDAAUGG
BQNNJOLLYEEERVCCWKKDAAUGG
BQNNJOLLYEEERVCCWKKDAAUGG
BQNNJOLLYEEERVCCWKKDAAUGG
BQNNJOLLYEEERVCCWKKDAAUGG
BQNNJOLLYEEERVCCWKKDAAUGG
BQNNJOLLYEEERVCCWKKDAAUGG
BQNNJOLLYEEERVCCWKKDAAUGG
BQNNJOLLYEEERVCCWKKDAAUGG
BQNNJOLLYEEERVCCWKKDAAUGG
BQNNJOLLYEEERVCCWKKDAAUGG
BQNNJOLLYEEERVCCWKKDAAUGG
Case #11:
AAAAAAAAAAAAAAAAAAAAAAAAA
BBBBBBBBBBBBBBBBBBBBBBBBB
CCCCCCCCCCCCCCCCCCCCCCCCC
DDDDDDDDDDDDDDDDDDDDDDDDD
EEEEEEEEEEEEEEEEEEEEEEEEE
FFFFFFFFFFFFFFFFFFFFFFFFF
GGGGGGGGGGGGGGGGGGGGGGGGG
HHHHHHHHHHHHHHHHHHHHHHHHH
IIIIIIIIIIIIIIIIIIIIIIIII
JJJJJJJJJJJJJJJJJJJJJJJJJ
KKKKKKKKKKKKKKKKKKKKKKKKK
LLLLLLLLLLLLLLLLLLLLLLLLL
MMMMMMMMMMMMMMMMMMMMMMMMM
NNNNNNNNNNNNNNNNNNNNNNNNN
OOOOOOOOOOOOOOOOOOOOOOOOO
PPPPPPPPPPPPPPPPPPPPPPPPP
QQQQQQQQQQQQQQQQQQQQQQQQQ
RRRRRRRRRRRRRRRRRRRRRRRRR
SSSSSSSSSSSSSSSSSSSSSSSSS
TTTTTTTTTTTTTTTTTTTTTTTTT
UUUUUUUUUUUUUUUUUUUUUUUUU
VVVVVVVVVVVVVVVVVVVVVVVVV
WWWWWWWWWWWWWWWWWWWWWWWWW
XXXXXXXXXXXXXXXXXXXXXXXXX
YYYYYYYYYYYYYYYYYYYYYYYYY
Case #12:
AAAAACDEFFFFFFFFFFFJGGGGG
AAAAACDEFFFFFFFFFFFJGGGGG
BBBBBCDEFFFFFFFFFFFJGGGGG
BBBBBCDEFFFFFFFFFFFJGGGGG
BBBBBCDEFFFFFFFFFFFJGGGGG
BBBBBCDEFFFFFFFFFFFJGGGGG
BBBBBCDEFFFFFFFFFFFJGGGGG
BBBBBCDEFFFFFFFFFFFJGGGGG
BBBBBCDEFFFFFFFFFFFJGGGGG
BBBBBCDEFFFFFFFFFFFJGGGGG
BBBBBCDEFFFFFFFFFFFJGGGGG
BBBBBCDEFFFFFFFFFFFJGGGGG
BBBBBCDEFFFFFFFFFFFJGGGGG
BBBBBCDEFFFFFFFFFFFJGGGGG
BBBBBCDEFFFFFFFFFFFJGGGGG
BBBBBCDEFFFFFFFFFFFJGGGGG
BBBBBCDEFFFFFFFFFFFJGGGGG
BBBBBCDEFFFFFFFFFFFJGGGGG
HHHHHHHHHHHHHHHHHHHJIIIII
HHHHHHHHHHHHHHHHHHHJIIIII
HHHHHHHHHHHHHHHHHHHJIIIII
HHHHHHHHHHHHHHHHHHHJIIIII
HHHHHHHHHHHHHHHHHHHJIIIII
HHHHHHHHHHHHHHHHHHHJIIIII
HHHHHHHHHHHHHHHHHHHJIIIII
Case #13:
AAAAAAEBBBBFFFFFFFFFHIJJJ
AAAAAAEBBBBFFFFFFFFFHIJJJ
AAAAAAEBBBBFFFFFFFFFHIJJJ
AAAAAAEBBBBFFFFFFFFFHIJJJ
AAAAAAEBBBBFFFFFFFFFHIJJJ
AAAAAAEBBBBFFFFFFFFFHIJJJ
AAAAAAEBBBBFFFFFFFFFHIJJJ
AAAAAAEBBBBFFFFFFFFFHIJJJ
AAAAAAEBBBBFFFFFFFFFHIJJJ
CCCCCCEDDDDFFFFFFFFFHIJJJ
CCCCCCEDDDDFFFFFFFFFHIJJJ
CCCCCCEDDDDFFFFFFFFFHIJJJ
CCCCCCEDDDDFFFFFFFFFHIJJJ
CCCCCCEDDDDFFFFFFFFFHIJJJ
GGGGGGGGGGGGGGGGGGGGHIJJJ
GGGGGGGGGGGGGGGGGGGGHIJJJ
GGGGGGGGGGGGGGGGGGGGHIJJJ
GGGGGGGGGGGGGGGGGGGGHIJJJ
GGGGGGGGGGGGGGGGGGGGHIJJJ
GGGGGGGGGGGGGGGGGGGGHIJJJ
GGGGGGGGGGGGGGGGGGGGHIJJJ
GGGGGGGGGGGGGGGGGGGGHIJJJ
GGGGGGGGGGGGGGGGGGGGHIJJJ
GGGGGGGGGGGGGGGGGGGGHIJJJ
GGGGGGGGGGGGGGGGGGGGHIJJJ
Case #14:
AAEBBBBFFFFFFFFFHIJJJJJJJ
AAEBBBBFFFFFFFFFHIJJJJJJJ
CCEDDDDFFFFFFFFFHIJJJJJJJ
CCEDDDDFFFFFFFFFHIJJJJJJJ
CCEDDDDFFFFFFFFFHIJJJJJJJ
CCEDDDDFFFFFFFFFHIJJJJJJJ
CCEDDDDFFFFFFFFFHIJJJJJJJ
CCEDDDDFFFFFFFFFHIJJJJJJJ
CCEDDDDFFFFFFFFFHIJJJJJJJ
CCEDDDDFFFFFFFFFHIJJJJJJJ
CCEDDDDFFFFFFFFFHIJJJJJJJ
CCEDDDDFFFFFFFFFHIJJJJJJJ
CCEDDDDFFFFFFFFFHIJJJJJJJ
CCEDDDDFFFFFFFFFHIJJJJJJJ
CCEDDDDFFFFFFFFFHIJJJJJJJ
CCEDDDDFFFFFFFFFHIJJJJJJJ
CCEDDDDFFFFFFFFFHIJJJJJJJ
CCEDDDDFFFFFFFFFHIJJJJJJJ
GGGGGGGGGGGGGGGGHIJJJJJJJ
GGGGGGGGGGGGGGGGHIJJJJJJJ
GGGGGGGGGGGGGGGGHIJJJJJJJ
GGGGGGGGGGGGGGGGHIJJJJJJJ
GGGGGGGGGGGGGGGGHIJJJJJJJ
GGGGGGGGGGGGGGGGHIJJJJJJJ
GGGGGGGGGGGGGGGGHIJJJJJJJ
Case #15:
DDDDUACVFXLGGGGGGGGGGGGGG
DDDDUACKFXLGGGGGGGGGGGGGG
DDDDUACPZXLGGGGGGGGGGGGGG
DDDDUACPZXLGGGGGGGGGGGGGG
DDDDUSCQIXLGGGGGGGGGGGGGG
DDDDYYCHRXLGGGGGGGGGGGGGG
NNNNOOCHEXLGGGGGGGGGGGGGG
JJJJJJCWTXBGGGGGGGGGGGGGG
MMMMMMMWTXBGGGGGGGGGGGGGG
MMMMMMMWTXBGGGGGGGGGGGGGG
MMMMMMMWTXBGGGGGGGGGGGGGG
MMMMMMMWTXBGGGGGGGGGGGGGG
MMMMMMMWTXBGGGGGGGGGGGGGG
MMMMMMMWTXBGGGGGGGGGGGGGG
MMMMMMMWTXBGGGGGGGGGGGGGG
MMMMMMMWTXBGGGGGGGGGGGGGG
MMMMMMMWTXBGGGGGGGGGGGGGG
MMMMMMMWTXBGGGGGGGGGGGGGG
MMMMMMMWTXBGGGGGGGGGGGGGG
MMMMMMMWTXBGGGGGGGGGGGGGG
MMMMMMMWTXBGGGGGGGGGGGGGG
MMMMMMMWTXBGGGGGGGGGGGGGG
MMMMMMMWTXBGGGGGGGGGGGGGG
MMMMMMMWTXBGGGGGGGGGGGGGG
MMMMMMMWTXBGGGGGGGGGGGGGG
Case #16:
KRSSOAAAHYTEUQWVMXIIDDFF
KRSSOAAAHYTEUQWVMXIIDDFF
KRSSOAAALYTEUQWVMXIIDDFF
KRSSOAAALYTEUQWVMXIIDDFF
KRSSOAAALYTEUQWVMXIIDDFF
KRSSOAAALYTEUQWJMCIIDDFF
KRSSOAAALYTEUQWJMCIIDDFF
KRSSOAAALYTEUQWJMCIIDDFF
KRSSOAAALYTEUQWJMCIIDDFF
KRSSOAAALYTEUQWJMCIIDDFF
KRSSOAAALYTEUQWJMCIIDDFF
KRSSOAAALYTEUQWJMCIIDDFF
KRSSOAAALYTEUQWJMCIIDDFF
KRSSOAAALYTEUQWJMCIIDDFF
KRSSOAAALYTEUQWJMCIIDDFF
KRSSOAAALPPEUQWJMCIIDDFF
KRSSOAAALPPEUQWJMCIIDDFF
KRSSOAAALPPEUQWJMCIIDDFF
KRSSOAAALGGEUQWJMCIIDDFF
NNNNNAAALGGEUQWJMCIIDDFF
NNNNNAAALGGEUQWJMCIIDDFF
BBBBBAAALGGEUQWJMCIIDDFF
BBBBBAAALGGEUQWJMCIIDDFF
BBBBBAAALGGEUQWJMCIIDDFF
BBBBBAAALGGEUQWJMCIIDDFF
Case #17:
VZZZODDYJRRBECWWIIKKHPPPP
VZZZODDYJRRBECWWIIKKHPPPP
VMMMOUUYJRRBTCWWLLKKHPPPP
VMMMOUUYJRRBTFWWLLKKHPPPP
VMMMOUUYJRRBTFWWLLKKHPPPP
VQQQOUUYJRRBTFWWLLKKHPPPP
VQQQOUUYJRRBTFWWLLKKHPPPP
VQQQOUUYJRRBTFWWLLKKHPPPP
VQQQOUUYJRRBTFWWLLKKHPPPP
VQQQXUUYJRRBTFWWLLKKHPPPP
VQQQXUUYJRRBTFWWLLKKHPPPP
VQQQXUUYJRRBTFWWLLKKHPPPP
VQQQXUUYJRRBTFWWLLKKHPPPP
VQQQXUUYJRRBTFWWLLKKHPPPP
AQQQXUUYJRRBTFWWLLKKHPPPP
AQQQXUUYJRRBTFWWLLKKHPPPP
AQQQXUUYJRRBTFWWLLKKSSSSS
AQQQXUUYJRRBTFWWLLKKSSSSS
AQQQXUUYJRRBTFNNLLKKSSSSS
AQQQGUUYJRRBTFNNLLKKSSSSS
AQQQGUUYJRRBTFNNLLKKSSSSS
AQQQGUUYJRRBTFNNLLKKSSSSS
AQQQGUUYJRRBTFNNLLKKSSSSS
AQQQGUUYJRRBTFNNLLKKSSSSS
AQQQGUUYJRRBTFNNLLKKSSSSS
Case #18:
VVVVGAMQFYHJJUUNDDIIKSCBB
VVVVGAMQFYHJJUUNDDIIKSCBB
VVVVGAMQFYHJJUUNDDIIKSCBB
VVVVGZMQFYHJJUUNDDIIKSCBB
VVVVGZMQFYHJJUUNDDIIKSCBB
VVVVGZMEFYHJJUUNDDIIKSCBB
VVVVGZMEFYHJJUUNDDIIKSCBB
VVVVGZMEFYHJJUUNDDRRRSCBB
XXXXGZMEFYHJJUUNDDRRRSCBB
XXXXGZMWFYHJJUUNDDRRRSCBB
XXXXGZMWFYHJJUUNDDRRRSCBB
XXXXGZMWFYHJJUUNDDRRRPCBB
XXXXGZMWFYHJJUUNDDRRRPCBB
XXXXGZMWFYHJJUUNDDRRRPCBB
XXXXGZMWFYHJJUUNDDRRRPCBB
XXXXGZMWLLHJJUUNDDRRRPCBB
XXXXGZMWLLHJJUUNDDRRRPTTT
XXXXGZMWLLHJJUUNDDRRRPTTT
XXXXGZMWLLHJJUUNDDRRRPTTT
XXXXGZMWLLHJJUUNDDRRRPTTT
XXXXGZMWLLHJJUUNDDRRRPTTT
XXXXGZMWLLHJJUUNDDRRRPTTT
XXXXGZMWLLHJJUUNDDRRRPTTT
XXXXGZMWLLHJJUUNDDRRROTTT
XXXXGZMWLLHJJUUNDDRRROTTT
Case #19:
AAAAAAAAAAAEBBBBBBBBBBBBB
AAAAAAAAAAAEBBBBBBBBBBBBB
AAAAAAAAAAAEBBBBBBBBBBBBB
AAAAAAAAAAAEBBBBBBBBBBBBB
AAAAAAAAAAAEBBBBBBBBBBBBB
AAAAAAAAAAAEBBBBBBBBBBBBB
AAAAAAAAAAAEBBBBBBBBBBBBB
AAAAAAAAAAAEBBBBBBBBBBBBB
AAAAAAAAAAAEBBBBBBBBBBBBB
AAAAAAAAAAAEBBBBBBBBBBBBB
AAAAAAAAAAAEBBBBBBBBBBBBB
AAAAAAAAAAAEBBBBBBBBBBBBB
AAAAAAAAAAAEBBBBBBBBBBBBB
AAAAAAAAAAAEBBBBBBBBBBBBB
AAAAAAAAAAAEBBBBBBBBBBBBB
AAAAAAAAAAAEBBBBBBBBBBBBB
AAAAAAAAAAAEBBBBBBBBBBBBB
AAAAAAAAAAAEBBBBBBBBBBBBB
CCCCCCCCCCCEDDDDDDDDDDDDD
CCCCCCCCCCCEDDDDDDDDDDDDD
CCCCCCCCCCCEDDDDDDDDDDDDD
CCCCCCCCCCCEDDDDDDDDDDDDD
CCCCCCCCCCCEDDDDDDDDDDDDD
CCCCCCCCCCCEDDDDDDDDDDDDD
CCCCCCCCCCCEDDDDDDDDDDDDD
Case #20:
UUUUUUUUUOXDFRIAMMMMMMMMM
UUUUUUUUUOXDFRIAMMMMMMMMM
UUUUUUUUUOXDFRIAMMMMMMMMM
UUUUUUUUUOXDFRIAMMMMMMMMM
UUUUUUUUUOXDFRIAMMMMMMMMM
UUUUUUUUUOXDFRIAMMMMMMMMM
UUUUUUUUUOXDFRIAMMMMMMMMM
UUUUUUUUUOXDJRIAMMMMMMMMM
UUUUUUUUUOXZJWIAMMMMMMMMM
UUUUUUUUUOXZJWIAMMMMMMMMM
UUUUUUUUUOXZNWQHMMMMMMMMM
UUUUUUUUUOCVTYPHMMMMMMMMM
UUUUUUUUUOCBTYPHMMMMMMMMM
SSSSSSSSSSSBTLPHMMMMMMMMM
KKKKKKKKKKKKGLPHMMMMMMMMM
KKKKKKKKKKKKELPHMMMMMMMMM
KKKKKKKKKKKKELPHMMMMMMMMM
KKKKKKKKKKKKELPHMMMMMMMMM
KKKKKKKKKKKKELPHMMMMMMMMM
KKKKKKKKKKKKELPHMMMMMMMMM
KKKKKKKKKKKKELPHMMMMMMMMM
KKKKKKKKKKKKELPHMMMMMMMMM
KKKKKKKKKKKKELPHMMMMMMMMM
KKKKKKKKKKKKELPHMMMMMMMMM
KKKKKKKKKKKKELPHMMMMMMMMM
Case #21:
NNNNNNNNNNNNNNNNNNQXHWVKJ
NNNNNNNNNNNNNNNNNNQXHWVKJ
NNNNNNNNNNNNNNNNNNQXHWVKJ
NNNNNNNNNNNNNNNNNNQXHWVKJ
NNNNNNNNNNNNNNNNNNQXHWVKJ
NNNNNNNNNNNNNNNNNNQXHWVKJ
NNNNNNNNNNNNNNNNNNQXHWVKJ
NNNNNNNNNNNNNNNNNNQXHWVKJ
NNNNNNNNNNNNNNNNNNQXHWVKJ
NNNNNNNNNNNNNNNNNNQXHWVKJ
NNNNNNNNNNNNNNNNNNQXHWVKJ
NNNNNNNNNNNNNNNNNNQXHWVKJ
NNNNNNNNNNNNNNNNNNQXHWVKJ
NNNNNNNNNNNNNNNNNNQXHWVKJ
NNNNNNNNNNNNNNNNNNQXHWVKJ
NNNNNNNNNNNNNNNNNNQXHWVKJ
NNNNNNNNNNNNNNNNNNQXHWVKJ
NNNNNNNNNNNNNNNNNNQXHWVTE
NNNNNNNNNNNNNNNNNNQXHWITR
NNNNNNNNNNNNNNNNNNQXHLITU
NNNNNNNNNNNNNNNNNNQXBLITZ
NNNNNNNNNNNNNNNNNNQACGGTO
NNNNNNNNNNNNNNNNNNQDCGGTY
NNNNNNNNNNNNNNNNNNQDCGGTF
SSSSSSSSSSSSSSSSSSSSPPPTM
Case #22:
GNJSPOOHLVVXXZQQQFFRKDDDC
GNJSPOOHLVVIIZQQQEERKDDDC
GNJSPOOHLVVIIZQQQEERKDDDY
GNJSPOOHLVVIIZQQQEERKDDDY
GNJSPOOHLVVIIZQQQEERKDDDY
GNUSPOOHLVVIIZQQQEERKDDDY
GNUSPOOHLVVIIZQQQEERKDDDY
GNUSPOOHLVVIIZAAAEERKDDDY
GNUSPOOHLVVIIZAAAEERKBBBY
GNUSPOOHLVVIIZAAAEERKBBBY
GNUSPOOHLVVIIZAAAEERKBBBY
WNUSPOOHLVVIIZAAAEERKBBBY
WNUMPOOHLVVIIZAAAEERKBBBY
WNUMPOOHLVVIIZAAAEERKBBBY
WNUMPOOHLVVIIZAAAEERKBBBY
WNUMPOOHLVVIIZAAAEERKBBBY
WNUMPOOHLVVIIZAAAEERKBBBY
WNUMPOOHLVVIIZAAAEERKBBBY
WNUMPOOHLVVIIZAAAEERKBBBY
WNUMPOOHLVVIIZAAAEERKBBBY
WNUMPOOHLVVIIZAAAEERKBBBY
WNUMPOOHLVVIIZAAAEERKBBBY
TTTTTOOHLVVIIZAAAEERKBBBY
TTTTTOOHLVVIIZAAAEERKBBBY
TTTTTOOHLVVIIZAAAEERKBBBY
Case #23:
VVVVVVVVVVVSSCCXRREUIOJTD
VVVVVVVVVVVSSCCXRREUIOJTD
VVVVVVVVVVVSSCCXRREUIOJTD
VVVVVVVVVVVSSCCXRREUIOJTD
VVVVVVVVVVVSSCCXRREUIOJTD
VVVVVVVVVVVSSCCXRREUIOJTD
VVVVVVVVVVVSSCCXRREUIOJTD
VVVVVVVVVVVSSCCXRREUIOJTD
VVVVVVVVVVVSSCCXRREUIOJTD
VVVVVVVVVVVSSCCXRREUIOJTD
VVVVVVVVVVVSSCCXRREUIOJTD
VVVVVVVVVVVSSCCXRREUIOJTD
VVVVVVVVVVVSSCCXRREUIOJTD
VVVVVVVVVVVSSCCXRREUIOJTD
VVVVVVVVVVVSSCCXRREUKMJTD
VVVVVVVVVVVSSCCXRRENKHJTD
VVVVVVVVVVVSSCCXBBENKHJTD
VVVVVVVVVVVSSCCXGGENZWJTD
VVVVVVVVVVVSSCCXGGEAFWQQD
VVVVVVVVVVVSSCCXGGEAFWQQD
VVVVVVVVVVVSSCCXGGEAFWPPD
VVVVVVVVVVVSSCCXYYLLFWPPD
VVVVVVVVVVVSSCCXYYLLFWPPD
VVVVVVVVVVVSSCCXYYLLFWPPD
VVVVVVVVVVVSSCCXYYLLFWPPD
Case #24:
ABCDEFGHIJKLMNOPQRSTUVWXY
ABCDEFGHIJKLMNOPQRSTUVWXY
ABCDEFGHIJKLMNOPQRSTUVWXY
ABCDEFGHIJKLMNOPQRSTUVWXY
ABCDEFGHIJKLMNOPQRSTUVWXY
ABCDEFGHIJKLMNOPQRSTUVWXY
ABCDEFGHIJKLMNOPQRSTUVWXY
ABCDEFGHIJKLMNOPQRSTUVWXY
ABCDEFGHIJKLMNOPQRSTUVWXY
ABCDEFGHIJKLMNOPQRSTUVWXY
ABCDEFGHIJKLMNOPQRSTUVWXY
ABCDEFGHIJKLMNOPQRSTUVWXY
ABCDEFGHIJKLMNOPQRSTUVWXY
ABCDEFGHIJKLMNOPQRSTUVWXY
ABCDEFGHIJKLMNOPQRSTUVWXY
ABCDEFGHIJKLMNOPQRSTUVWXY
ABCDEFGHIJKLMNOPQRSTUVWXY
ABCDEFGHIJKLMNOPQRSTUVWXY
ABCDEFGHIJKLMNOPQRSTUVWXY
ABCDEFGHIJKLMNOPQRSTUVWXY
ABCDEFGHIJKLMNOPQRSTUVWXY
ABCDEFGHIJKLMNOPQRSTUVWXY
ABCDEFGHIJKLMNOPQRSTUVWXY
ABCDEFGHIJKLMNOPQRSTUVWXY
ABCDEFGHIJKLMNOPQRSTUVWXY
Case #25:
UIYPNQQODEXXXLVVVVVSSRBBW
UIYPNQQODEXXXLVVVVVSSRBBW
UIYPNQQODEXXXLVVVVVSSRBBW
CIYPNQQODEXXXLVVVVVSSRBBW
CIYPNQQODEXXXLVVVVVSSRBBW
CIYPNQQODEXXXLVVVVVSSRBBW
CIYPNQQODEXXXAVVVVVSSRBBW
CIYPNQQODMXXXAVVVVVSSKBBW
CIYPNQQODMXXXAVVVVVSSKBBW
CIYPTQQODMXXXAVVVVVSSKBBW
CIYPTQQODMXXXAVVVVVSSKBBW
CIYPTQQOFMXXXAVVVVVSSKGGW
CIYPTQQOFMXXXAVVVVVSSKGGW
JJJJTQQOFMXXXAVVVVVSSKGGW
JJJJTQQOFMXXXAVVVVVSSKGGW
JJJJTQQOFMXXXAVVVVVSSKGGW
JJJJTQQOFMXXXAVVVVVSSKGGW
JJJJTQQOFMXXXAVVVVVSSKGGW
JJJJHHHHFMXXXAVVVVVSSKGGW
JJJJHHHHFMXXXAVVVVVSSKGGW
JJJJHHHHFMXXXAVVVVVSSKGGW
JJJJHHHHFMXXXAVVVVVSSKGGW
JJJJHHHHFMXXXAVVVVVSSKGGW
JJJJHHHHFMXXXAVVVVVSSKGGW
Case #26:
AB
Case #27:
MLAJJ
MLAJJ
KIAJJ
GCHJJ
BNOJJ
EFOJJ
DFOJJ
Case #28:
ABCDEFGHIJKLMNOPQRSTUVWXY
ABCDEFGHIJKLMNOPQRSTUVWXY
ABCDEFGHIJKLMNOPQRSTUVWXY
ABCDEFGHIJKLMNOPQRSTUVWXY
ABCDEFGHIJKLMNOPQRSTUVWXY
ABCDEFGHIJKLMNOPQRSTUVWXY
ABCDEFGHIJKLMNOPQRSTUVWXY
ABCDEFGHIJKLMNOPQRSTUVWXY
ABCDEFGHIJKLMNOPQRSTUVWXY
ABCDEFGHIJKLMNOPQRSTUVWXY
ABCDEFGHIJKLMNOPQRSTUVWXY
ABCDEFGHIJKLMNOPQRSTUVWXY
ABCDEFGHIJKLMNOPQRSTUVWXY
ABCDEFGHIJKLMNOPQRSTUVWXY
ABCDEFGHIJKLMNOPQRSTUVWXY
ABCDEFGHIJKLMNOPQRSTUVWXY
ABCDEFGHIJKLMNOPQRSTUVWXY
ABCDEFGHIJKLMNOPQRSTUVWXY
ABCDEFGHIJKLMNOPQRSTUVWXY
ABCDEFGHIJKLMNOPQRSTUVWXY
ABCDEFGHIJKLMNOPQRSTUVWXY
ABCDEFGHIJKLMNOPQRSTUVWXY
ABCDEFGHIJKLMNOPQRSTUVWXY
ABCDEFGHIJKLMNOPQRSTUVWXY
ABCDEFGHIJKLMNOPQRSTUVWXY
Case #29:
AEBBBBFFFFFFFFFFFFHIJJJJJ
AEBBBBFFFFFFFFFFFFHIJJJJJ
AEBBBBFFFFFFFFFFFFHIJJJJJ
AEBBBBFFFFFFFFFFFFHIJJJJJ
AEBBBBFFFFFFFFFFFFHIJJJJJ
CEDDDDFFFFFFFFFFFFHIJJJJJ
CEDDDDFFFFFFFFFFFFHIJJJJJ
CEDDDDFFFFFFFFFFFFHIJJJJJ
CEDDDDFFFFFFFFFFFFHIJJJJJ
CEDDDDFFFFFFFFFFFFHIJJJJJ
CEDDDDFFFFFFFFFFFFHIJJJJJ
CEDDDDFFFFFFFFFFFFHIJJJJJ
CEDDDDFFFFFFFFFFFFHIJJJJJ
CEDDDDFFFFFFFFFFFFHIJJJJJ
CEDDDDFFFFFFFFFFFFHIJJJJJ
CEDDDDFFFFFFFFFFFFHIJJJJJ
CEDDDDFFFFFFFFFFFFHIJJJJJ
GGGGGGGGGGGGGGGGGGHIJJJJJ
GGGGGGGGGGGGGGGGGGHIJJJJJ
GGGGGGGGGGGGGGGGGGHIJJJJJ
GGGGGGGGGGGGGGGGGGHIJJJJJ
GGGGGGGGGGGGGGGGGGHIJJJJJ
GGGGGGGGGGGGGGGGGGHIJJJJJ
GGGGGGGGGGGGGGGGGGHIJJJJJ
GGGGGGGGGGGGGGGGGGHIJJJJJ
Case #30:
JJJJJJJJJJJJJJJTPNVMBRYYY
JJJJJJJJJJJJJJJTPNVMBRYYY
JJJJJJJJJJJJJJJTPNVMBRYYY
JJJJJJJJJJJJJJJTPNVMBRYYY
JJJJJJJJJJJJJJJTPNVMBRYYY
JJJJJJJJJJJJJJJTPNVMBRYYY
JJJJJJJJJJJJJJJTPNVMBRYYY
JJJJJJJJJJJJJJJTPNVMBRYYY
JJJJJJJJJJJJJJJTPNVMBRYYY
JJJJJJJJJJJJJJJTPNVMBRYYY
JJJJJJJJJJJJJJJTPNVMBRYYY
JJJJJJJJJJJJJJJTPNVMBRYYY
JJJJJJJJJJJJJJJTPNVMBRYYY
JJJJJJJJJJJJJJJTPNVMBRYYY
JJJJJJJJJJJJJJJTPNVMBRYYY
JJJJJJJJJJJJJJJTPNVMBRYYY
JJJJJJJJJJJJJJJWANVZGUYYY
JJJJJJJJJJJJJJJQAHFCGUXXX
JJJJJJJJJJJJJJJQAEFLGKXXX
JJJJJJJJJJJJJJJQAIFOGKXXX
SSSSSSSSSSSSSSSSSIFOGKXXX
DDDDDDDDDDDDDDDDDDDOGKXXX
DDDDDDDDDDDDDDDDDDDOGKXXX
DDDDDDDDDDDDDDDDDDDOGKXXX
DDDDDDDDDDDDDDDDDDDOGKXXX
Case #31:
CB
AA
Case #32:
AAAAAAAAAAAAAAAAAAAAAAAAA
BBBBBBBBBBBBBBBBBBBBBBBBB
CCCCCCCCCCCCCCCCCCCCCCCCC
DDDDDDDDDDDDDDDDDDDDDDDDD
EEEEEEEEEEEEEEEEEEEEEEEEE
FFFFFFFFFFFFFFFFFFFFFFFFF
GGGGGGGGGGGGGGGGGGGGGGGGG
HHHHHHHHHHHHHHHHHHHHHHHHH
IIIIIIIIIIIIIIIIIIIIIIIII
JJJJJJJJJJJJJJJJJJJJJJJJJ
KKKKKKKKKKKKKKKKKKKKKKKKK
LLLLLLLLLLLLLLLLLLLLLLLLL
MMMMMMMMMMMMMMMMMMMMMMMMM
NNNNNNNNNNNNNNNNNNNNNNNNN
OOOOOOOOOOOOOOOOOOOOOOOOO
PPPPPPPPPPPPPPPPPPPPPPPPP
QQQQQQQQQQQQQQQQQQQQQQQQQ
RRRRRRRRRRRRRRRRRRRRRRRRR
SSSSSSSSSSSSSSSSSSSSSSSSS
TTTTTTTTTTTTTTTTTTTTTTTTT
UUUUUUUUUUUUUUUUUUUUUUUUU
VVVVVVVVVVVVVVVVVVVVVVVVV
WWWWWWWWWWWWWWWWWWWWWWWWW
XXXXXXXXXXXXXXXXXXXXXXXXX
YYYYYYYYYYYYYYYYYYYYYYYYY
Case #33:
VCOOADDDZLYKIIIFXGMSSSNPP
VCOOADDDZLYKIIIEXGMSSSNPP
VCOOADDDZLYKIIIEXGMSSSNPP
VCOOADDDZLYKIIIEXGMSSSNPP
VCWWADDDZLYKIIIEXGMSSSNPP
VCWWADDDZLYKIIIEXGMSSSNPP
VCWWADDDZLYKIIIEXGMSSSNPP
VCWWADDDZLYKIIIEXQMHHHNPP
VCWWADDDZLYKIIIEXQMHHHNPP
VCWWADDDZLYKIIIEXQMHHHNPP
VCWWADDDZLYKIIIEXJMHHHNPP
VCWWADDDZLRKIIIEXJMHHHNPP
VCWWADDDZLRKIIIEXJMHHHNPP
VCWWUDDDZLRKIIIEXJMHHHNPP
BBBBUDDDZLRKIIIEXJMHHHNPP
BBBBUDDDZLRKIIIEXJMHHHNPP
BBBBUDDDZLRKIIIEXJMHHHNPP
BBBBUDDDZLRKIIIEXJMHHHNPP
TTTTUDDDZLRKIIIEXJMHHHNPP
TTTTUDDDZLRKIIIEXJMHHHNPP
TTTTUDDDZLRKIIIEXJMHHHNPP
TTTTUDDDZLRKIIIEXJMHHHNPP
TTTTUDDDZLRKIIIEXJMHHHNPP
TTTTUDDDZLRKIIIEXJMHHHNPP
TTTTUDDDZLRKIIIEXJMHHHNPP
Case #34:
AAAAAAAEBBBBBBBBBBBBBBBBB
AAAAAAAEBBBBBBBBBBBBBBBBB
AAAAAAAEBBBBBBBBBBBBBBBBB
AAAAAAAEBBBBBBBBBBBBBBBBB
AAAAAAAEBBBBBBBBBBBBBBBBB
AAAAAAAEBBBBBBBBBBBBBBBBB
AAAAAAAEBBBBBBBBBBBBBBBBB
AAAAAAAEBBBBBBBBBBBBBBBBB
AAAAAAAEBBBBBBBBBBBBBBBBB
AAAAAAAEBBBBBBBBBBBBBBBBB
AAAAAAAEBBBBBBBBBBBBBBBBB
AAAAAAAEBBBBBBBBBBBBBBBBB
AAAAAAAEBBBBBBBBBBBBBBBBB
AAAAAAAEBBBBBBBBBBBBBBBBB
AAAAAAAEBBBBBBBBBBBBBBBBB
AAAAAAAEBBBBBBBBBBBBBBBBB
AAAAAAAEBBBBBBBBBBBBBBBBB
AAAAAAAEBBBBBBBBBBBBBBBBB
CCCCCCCEDDDDDDDDDDDDDDDDD
CCCCCCCEDDDDDDDDDDDDDDDDD
CCCCCCCEDDDDDDDDDDDDDDDDD
CCCCCCCEDDDDDDDDDDDDDDDDD
CCCCCCCEDDDDDDDDDDDDDDDDD
CCCCCCCEDDDDDDDDDDDDDDDDD
CCCCCCCEDDDDDDDDDDDDDDDDD
Case #35:
AAAAAAAAAAAAAAAAAAAAAAAAA
BBBBBBBBBBBBBBBBBBBBBBBBB
CCCCCCCCCCCCCCCCCCCCCCCCC
DDDDDDDDDDDDDDDDDDDDDDDDD
EEEEEEEEEEEEEEEEEEEEEEEEE
FFFFFFFFFFFFFFFFFFFFFFFFF
GGGGGGGGGGGGGGGGGGGGGGGGG
HHHHHHHHHHHHHHHHHHHHHHHHH
IIIIIIIIIIIIIIIIIIIIIIIII
JJJJJJJJJJJJJJJJJJJJJJJJJ
KKKKKKKKKKKKKKKKKKKKKKKKK
LLLLLLLLLLLLLLLLLLLLLLLLL
MMMMMMMMMMMMMMMMMMMMMMMMM
NNNNNNNNNNNNNNNNNNNNNNNNN
OOOOOOOOOOOOOOOOOOOOOOOOO
PPPPPPPPPPPPPPPPPPPPPPPPP
QQQQQQQQQQQQQQQQQQQQQQQQQ
RRRRRRRRRRRRRRRRRRRRRRRRR
SSSSSSSSSSSSSSSSSSSSSSSSS
TTTTTTTTTTTTTTTTTTTTTTTTT
UUUUUUUUUUUUUUUUUUUUUUUUU
VVVVVVVVVVVVVVVVVVVVVVVVV
WWWWWWWWWWWWWWWWWWWWWWWWW
XXXXXXXXXXXXXXXXXXXXXXXXX
YYYYYYYYYYYYYYYYYYYYYYYYY
Case #36:
AA
AA
Case #37:
AAAAAAAAAEBBBBBBBBBBBBBBB
AAAAAAAAAEBBBBBBBBBBBBBBB
AAAAAAAAAEBBBBBBBBBBBBBBB
AAAAAAAAAEBBBBBBBBBBBBBBB
AAAAAAAAAEBBBBBBBBBBBBBBB
AAAAAAAAAEBBBBBBBBBBBBBBB
AAAAAAAAAEBBBBBBBBBBBBBBB
AAAAAAAAAEBBBBBBBBBBBBBBB
AAAAAAAAAEBBBBBBBBBBBBBBB
AAAAAAAAAEBBBBBBBBBBBBBBB
AAAAAAAAAEBBBBBBBBBBBBBBB
AAAAAAAAAEBBBBBBBBBBBBBBB
AAAAAAAAAEBBBBBBBBBBBBBBB
AAAAAAAAAEBBBBBBBBBBBBBBB
AAAAAAAAAEBBBBBBBBBBBBBBB
CCCCCCCCCEDDDDDDDDDDDDDDD
CCCCCCCCCEDDDDDDDDDDDDDDD
CCCCCCCCCEDDDDDDDDDDDDDDD
CCCCCCCCCEDDDDDDDDDDDDDDD
CCCCCCCCCEDDDDDDDDDDDDDDD
CCCCCCCCCEDDDDDDDDDDDDDDD
CCCCCCCCCEDDDDDDDDDDDDDDD
CCCCCCCCCEDDDDDDDDDDDDDDD
CCCCCCCCCEDDDDDDDDDDDDDDD
CCCCCCCCCEDDDDDDDDDDDDDDD
Case #38:
GGSMCIEVRRLFWZBQXXXAYNNTT
JJSMKKKVRRLFWPDQHHHOUUUUU
Case #39:
AAACDEFFFFFFFFFFFJGGGGGGG
AAACDEFFFFFFFFFFFJGGGGGGG
AAACDEFFFFFFFFFFFJGGGGGGG
BBBCDEFFFFFFFFFFFJGGGGGGG
BBBCDEFFFFFFFFFFFJGGGGGGG
BBBCDEFFFFFFFFFFFJGGGGGGG
BBBCDEFFFFFFFFFFFJGGGGGGG
BBBCDEFFFFFFFFFFFJGGGGGGG
BBBCDEFFFFFFFFFFFJGGGGGGG
BBBCDEFFFFFFFFFFFJGGGGGGG
BBBCDEFFFFFFFFFFFJGGGGGGG
BBBCDEFFFFFFFFFFFJGGGGGGG
BBBCDEFFFFFFFFFFFJGGGGGGG
BBBCDEFFFFFFFFFFFJGGGGGGG
BBBCDEFFFFFFFFFFFJGGGGGGG
BBBCDEFFFFFFFFFFFJGGGGGGG
BBBCDEFFFFFFFFFFFJGGGGGGG
BBBCDEFFFFFFFFFFFJGGGGGGG
BBBCDEFFFFFFFFFFFJGGGGGGG
BBBCDEFFFFFFFFFFFJGGGGGGG
HHHHHHHHHHHHHHHHHJIIIIIII
HHHHHHHHHHHHHHHHHJIIIIIII
HHHHHHHHHHHHHHHHHJIIIIIII
HHHHHHHHHHHHHHHHHJIIIIIII
HHHHHHHHHHHHHHHHHJIIIIIII
Case #40:
ZFOLEPYIRBJWWWWWWWWWWWWWW
ZFOLEPYIRBJWWWWWWWWWWWWWW
ZFOLEPYIRBJWWWWWWWWWWWWWW
ZFOLEPYIRBJWWWWWWWWWWWWWW
ZFOLEPYIRBJWWWWWWWWWWWWWW
ZFOLEPYIRBJWWWWWWWWWWWWWW
ZFOLEPYIRBJWWWWWWWWWWWWWW
ZFOLEPYIRBJWWWWWWWWWWWWWW
ZFOLEPYIRBJWWWWWWWWWWWWWW
ZFOLEPYIRBJWWWWWWWWWWWWWW
ZFOLEPYIRBJWWWWWWWWWWWWWW
ZFOLEPYIRBJWWWWWWWWWWWWWW
ZFOLEPYIRBJWWWWWWWWWWWWWW
ZFOLEPYIRBJWWWWWWWWWWWWWW
ZFOLEPVIRBJWWWWWWWWWWWWWW
ZFOHHPVIRBJWWWWWWWWWWWWWW
ZFOAACVINBJWWWWWWWWWWWWWW
ZFOAACVINBJWWWWWWWWWWWWWW
ZFOAACGGNBJWWWWWWWWWWWWWW
ZFOAACGGNKJWWWWWWWWWWWWWW
SSOAACGGNDDWWWWWWWWWWWWWW
MMOAACGGNXXWWWWWWWWWWWWWW
MMUUUUUUUXXWWWWWWWWWWWWWW
TTUUUUUUUXXWWWWWWWWWWWWWW
QQQQQQQQQXXWWWWWWWWWWWWWW
Case #41:
EECYXHUSLMIDDDDDDDDDDDDDD
EECYXHUSLMIDDDDDDDDDDDDDD
EECYXHUSLMIDDDDDDDDDDDDDD
EECYXHUSLMIDDDDDDDDDDDDDD
EETRXHUSLMIDDDDDDDDDDDDDD
EETBXGUSLMIDDDDDDDDDDDDDD
ZZNBXGUSLMIDDDDDDDDDDDDDD
ZZNWQGUSLMIDDDDDDDDDDDDDD
PPPWQGUSJMIDDDDDDDDDDDDDD
VVVWQGUSJKIDDDDDDDDDDDDDD
VVVWQGUSJKIDDDDDDDDDDDDDD
VVVWQGUSJKIDDDDDDDDDDDDDD
VVVWQGUSJOIDDDDDDDDDDDDDD
VVVFFGUSJOIDDDDDDDDDDDDDD
VVVFFGUSJOIDDDDDDDDDDDDDD
VVVAAAUSJOIDDDDDDDDDDDDDD
VVVAAAUSJOIDDDDDDDDDDDDDD
VVVAAAUSJOIDDDDDDDDDDDDDD
VVVAAAUSJOIDDDDDDDDDDDDDD
VVVAAAUSJOIDDDDDDDDDDDDDD
VVVAAAUSJOIDDDDDDDDDDDDDD
VVVAAAUSJOIDDDDDDDDDDDDDD
VVVAAAUSJOIDDDDDDDDDDDDDD
VVVAAAUSJOIDDDDDDDDDDDDDD
VVVAAAUSJOIDDDDDDDDDDDDDD
Case #42:
AAAAAAAAAAAAAAAAAAAAAAAAA
AAAAAAAAAAAAAAAAAAAAAAAAA
AAAAAAAAAAAAAAAAAAAAAAAAA
AAAAAAAAAAAAAAAAAAAAAAAAA
AAAAAAAAAAAAAAAAAAAAAAAAA
AAAAAAAAAAAAAAAAAAAAAAAAA
AAAAAAAAAAAAAAAAAAAAAAAAA
AAAAAAAAAAAAAAAAAAAAAAAAA
AAAAAAAAAAAAAAAAAAAAAAAAA
AAAAAAAAAAAAAAAAAAAAAAAAA
AAAAAAAAAAAAAAAAAAAAAAAAA
AAAAAAAAAAAAAAAAAAAAAAAAA
AAAAAAAAAAAAAAAAAAAAAAAAA
AAAAAAAAAAAAAAAAAAAAAAAAA
AAAAAAAAAAAAAAAAAAAAAAAAA
AAAAAAAAAAAAAAAAAAAAAAAAA
AAAAAAAAAAAAAAAAAAAAAAAAA
AAAAAAAAAAAAAAAAAAAAAAAAA
AAAAAAAAAAAAAAAAAAAAAAAAA
AAAAAAAAAAAAAAAAAAAAAAAAA
AAAAAAAAAAAAAAAAAAAAAAAAA
AAAAAAAAAAAAAAAAAAAAAAAAA
AAAAAAAAAAAAAAAAAAAAAAAAA
AAAAAAAAAAAAAAAAAAAAAAAAA
AAAAAAAAAAAAAAAAAAAAAAAAA
Case #43:
ACCBB
ACCBB
ACCBB
ACCBB
ACCBB
Case #44:
JAUFMPRRRRRRRRRRRRRRRRRRR
JAUFMPRRRRRRRRRRRRRRRRRRR
JAUFMPRRRRRRRRRRRRRRRRRRR
JAUFMPRRRRRRRRRRRRRRRRRRR
JAUFMPRRRRRRRRRRRRRRRRRRR
JAUFMPRRRRRRRRRRRRRRRRRRR
JAUFMPRRRRRRRRRRRRRRRRRRR
JAUFMPRRRRRRRRRRRRRRRRRRR
JAUFMPRRRRRRRRRRRRRRRRRRR
JAUFMPRRRRRRRRRRRRRRRRRRR
JLUFMPRRRRRRRRRRRRRRRRRRR
TLEFMPRRRRRRRRRRRRRRRRRRR
CLEFMPRRRRRRRRRRRRRRRRRRR
QLNGMPRRRRRRRRRRRRRRRRRRR
KLNZMPRRRRRRRRRRRRRRRRRRR
KDNBMYRRRRRRRRRRRRRRRRRRR
KOWIXYRRRRRRRRRRRRRRRRRRR
KOWVXYRRRRRRRRRRRRRRRRRRR
SOWHXYRRRRRRRRRRRRRRRRRRR
SOWHXYRRRRRRRRRRRRRRRRRRR
SOWHXYRRRRRRRRRRRRRRRRRRR
SOWHXYRRRRRRRRRRRRRRRRRRR
SOWHXYRRRRRRRRRRRRRRRRRRR
SOWHXYRRRRRRRRRRRRRRRRRRR
SOWHXYRRRRRRRRRRRRRRRRRRR
Case #45:
ACDEEEEEEEEEEEEEEEEEEEEEE
ACDEEEEEEEEEEEEEEEEEEEEEE
ACDEEEEEEEEEEEEEEEEEEEEEE
ACDEEEEEEEEEEEEEEEEEEEEEE
ACDEEEEEEEEEEEEEEEEEEEEEE
BCDEEEEEEEEEEEEEEEEEEEEEE
BCDEEEEEEEEEEEEEEEEEEEEEE
BCDEEEEEEEEEEEEEEEEEEEEEE
BCDEEEEEEEEEEEEEEEEEEEEEE
BCDEEEEEEEEEEEEEEEEEEEEEE
BCDEEEEEEEEEEEEEEEEEEEEEE
BCDEEEEEEEEEEEEEEEEEEEEEE
BCDEEEEEEEEEEEEEEEEEEEEEE
BCDEEEEEEEEEEEEEEEEEEEEEE
BCDEEEEEEEEEEEEEEEEEEEEEE
BCDEEEEEEEEEEEEEEEEEEEEEE
BCDEEEEEEEEEEEEEEEEEEEEEE
BCDEEEEEEEEEEEEEEEEEEEEEE
BCDEEEEEEEEEEEEEEEEEEEEEE
BCDEEEEEEEEEEEEEEEEEEEEEE
BCDEEEEEEEEEEEEEEEEEEEEEE
BCDEEEEEEEEEEEEEEEEEEEEEE
BCDEEEEEEEEEEEEEEEEEEEEEE
BCDEEEEEEEEEEEEEEEEEEEEEE
BCDEEEEEEEEEEEEEEEEEEEEEE
Case #46:
VVVHDQQZCCCTTNNAFEPBLLSMM
VVVHDQQZCCCTTNNAFEPBLLSMM
VVVHDQQZCCCTTNNAFEPBLLSMM
VVVHDQQZCCCTTNNAFYPWLLSMM
VVVHDQQZCCCTTNNAFYPWLLSMM
VVVHDQQZCCCTTNNAFYPWLLSMM
VVVHDQQZCCCTTNNAFYPWGGSMM
VVVHDQQZCCCTTNNAOYPWGGSMM
VVVHUQQZCCCTTNNAOYPWGGSMM
VVVHUQQZCCCTTNNAOYPWGGSMM
VVVHUQQZCCCTTNNAOYPWKKSMM
VVVHUQQZCCCTTNNAOYPWKKSMM
VVVHUQQZCCCTTNNAOYPWKKSMM
VVVHUQQZCCCTTNNAOYPWKKRMM
VVVHUQQZCCCTTNNAOYPWKKRMM
VVVHUQQZCCCTTNNAIYPWKKRMM
VVVHUQQZCCCTTNNAIYPWKKRMM
VVVHUQQZCCCTTNNAIYPWKKRMM
VVVHUQQZCCCTTNNAIYPWKKRMM
VVVHUQQXXXXXXXXXXYPWKKRMM
VVVHUQQXXXXXXXXXXYPWKKRMM
VVVHUQQXXXXXXXXXXYPWKKRMM
VVVHUQQXXXXXXXXXXYPWKKRMM
JJJJJJJJJJJJJJJJJJPWKKRMM
JJJJJJJJJJJJJJJJJJPWKKRMM
Case #47:
YYUUUXXXXZINOVFFRLCCDTAGG
YYUUUXXXXZINOVFFRLCCDTAGG
YYUUUXXXXZINOVFFRLCCDTAGG
YYUUUXXXXHINOVFFRLCCDTAGG
YYUUUXXXXHINOVFFRLCCDTAGG
YYUUUKKKKHINOVFFRLCCJTAGG
YYUUUKKKKHINOVFFRLCCJTAGG
YYUUUKKKKHINOVFFRLCCJTAGG
YYUUUKKKKHINOVFFRLCCJTAGG
YYUUUKKKKHINOVFFRLCCJTAGG
YYUUUKKKKHINOVFFRMCCJTAGG
YYUUUKKKKHINOVFFRMCCJTAGG
YYUUUKKKKHINOVFFRMCCJTAGG
YYUUUKKKKHINOVFFRMCCJTAGG
BBBBBKKKKHINOPPPRMCCJTAGG
BBBBBKKKKHINOPPPRECCJTAGG
BBBBBKKKKHINOPPPRECCWWWGG
BBBBBKKKKHINOPPPRECCWWWGG
SSSSSKKKKHINOPPPRECCWWWGG
SSSSSKKKKHINOPPPRECCWWWGG
SSSSSKKKKHINOPPPREQQQQQGG
SSSSSKKKKHINOPPPREQQQQQGG
SSSSSKKKKHINOPPPREQQQQQGG
SSSSSKKKKHINOPPPREQQQQQGG
SSSSSKKKKHINOPPPREQQQQQGG
Case #48:
BBBB
AAAA
AAAA
AAAA
Case #49:
HMLFFBZZZVNCSTTTIWWWOREJJ
YMLFFBZZZVNCSTTTIWWWOREJJ
YMLFFBZZZVNCSTTTIWWWOREJJ
YMLFFBZZZVNCSTTTIAAAOREJJ
YMLFFBZZZVNCSTTTIAAAORKJJ
YMLFFBZZZVNCSTTTIAAAORKJJ
YMLFFBZZZGNCSTTTIAAAORKJJ
YMLFFBZZZGNCSTTTIAAAORKXX
YMLFFBZZZGNCDTTTIAAAORKXX
QQLFFBZZZGNCDTTTIAAAORKXX
QQLFFBZZZGNCDTTTIAAAORKXX
QQLFFBZZZGNCDTTTIAAAORKXX
QQLFFBZZZGNCDTTTIAAAORKXX
QQLFFBZZZGNCDTTTIAAAORKXX
QQLFFBZZZGNCDTTTIAAAORKXX
QQLFFBZZZGNCDTTTIAAAORKXX
QQLFFBZZZGNCDTTTIAAAORKXX
QQLFFBZZZGNCDTTTIAAAORKXX
QQLFFBZZZGNCDTTTIAAAORKXX
QQLFFBZZZGNCDTTTIAAAORKXX
QQLFFBZZZGNCDTTTIAAAORKXX
QQLFFBZZZGNCDTTTIAAAORKXX
QQLFFBZZZGNPUTTTIAAAORKXX
QQLFFBZZZGNPUTTTIAAAORKXX
QQLFFBZZZGNPUTTTIAAAORKXX
Case #50:
LRAPKSFYNEIIIIIIIIIIIIIII
LRAPKSFYNEIIIIIIIIIIIIIII
LRAPKSFYNEIIIIIIIIIIIIIII
LRAPKSFYNEIIIIIIIIIIIIIII
LRAPKSFYNEIIIIIIIIIIIIIII
LRAPKSFYNEIIIIIIIIIIIIIII
LRAPKSFYNEIIIIIIIIIIIIIII
LRAPKSFYNEIIIIIIIIIIIIIII
LRAPKSFYNEIIIIIIIIIIIIIII
LRAPKSFYNEIIIIIIIIIIIIIII
LRAPKSFYNEIIIIIIIIIIIIIII
LRAPKSFYNEIIIIIIIIIIIIIII
LVAPKSFYNEIIIIIIIIIIIIIII
LXAPKSFYNEIIIIIIIIIIIIIII
LXAPKSFYNEIIIIIIIIIIIIIII
LBAPKSFYNEIIIIIIIIIIIIIII
LBAPKJFYNEIIIIIIIIIIIIIII
LBWPMJFYNEIIIIIIIIIIIIIII
GBWDDJFYNEIIIIIIIIIIIIIII
GBWDDZFYNEIIIIIIIIIIIIIII
GBWTTQQYNEIIIIIIIIIIIIIII
GBWTTQQYNEIIIIIIIIIIIIIII
GBWTTQQYNEIIIIIIIIIIIIIII
GUWCCQQHHHIIIIIIIIIIIIIII
GOOOOQQHHHIIIIIIIIIIIIIII
Case #51:
JGBKEDIICCFLHHMMAAAAAAAAA
Case #52:
ABCDEFGHIJKLMNOPQRSTUVWXY
ABCDEFGHIJKLMNOPQRSTUVWXY
ABCDEFGHIJKLMNOPQRSTUVWXY
ABCDEFGHIJKLMNOPQRSTUVWXY
ABCDEFGHIJKLMNOPQRSTUVWXY
ABCDEFGHIJKLMNOPQRSTUVWXY
ABCDEFGHIJKLMNOPQRSTUVWXY
ABCDEFGHIJKLMNOPQRSTUVWXY
ABCDEFGHIJKLMNOPQRSTUVWXY
ABCDEFGHIJKLMNOPQRSTUVWXY
ABCDEFGHIJKLMNOPQRSTUVWXY
ABCDEFGHIJKLMNOPQRSTUVWXY
ABCDEFGHIJKLMNOPQRSTUVWXY
ABCDEFGHIJKLMNOPQRSTUVWXY
ABCDEFGHIJKLMNOPQRSTUVWXY
ABCDEFGHIJKLMNOPQRSTUVWXY
ABCDEFGHIJKLMNOPQRSTUVWXY
ABCDEFGHIJKLMNOPQRSTUVWXY
ABCDEFGHIJKLMNOPQRSTUVWXY
ABCDEFGHIJKLMNOPQRSTUVWXY
ABCDEFGHIJKLMNOPQRSTUVWXY
ABCDEFGHIJKLMNOPQRSTUVWXY
ABCDEFGHIJKLMNOPQRSTUVWXY
ABCDEFGHIJKLMNOPQRSTUVWXY
ABCDEFGHIJKLMNOPQRSTUVWXY
Case #53:
GQOLKNBBIHWCCCCCCCCCCCCCC
GQOLKNBBIHWCCCCCCCCCCCCCC
GQOLKNBBIHWCCCCCCCCCCCCCC
GQOLKNBBIHWCCCCCCCCCCCCCC
GQOLKNBBIHWCCCCCCCCCCCCCC
GQOLKNBBIHWCCCCCCCCCCCCCC
GQOLKNBBIHWCCCCCCCCCCCCCC
GQOLKNBBIHWCCCCCCCCCCCCCC
GQOLKNBBIHWCCCCCCCCCCCCCC
GQOLKNBBIHWCCCCCCCCCCCCCC
GQOLJNBBIHWCCCCCCCCCCCCCC
GQOLJNBBIHWCCCCCCCCCCCCCC
GQOLJNBBIHWCCCCCCCCCCCCCC
GQOLJNBBIHWCCCCCCCCCCCCCC
VQOLJNBBIHWCCCCCCCCCCCCCC
VQAUJNBBIHWCCCCCCCCCCCCCC
VQAUJNBBIHWCCCCCCCCCCCCCC
VQAUJNBBIPFCCCCCCCCCCCCCC
VQAUJSBBIPFCCCCCCCCCCCCCC
VQAUJDBBIPFCCCCCCCCCCCCCC
VXXZJDEEIPFCCCCCCCCCCCCCC
MMMRJDEEIPFCCCCCCCCCCCCCC
YYYRJDEEIPFCCCCCCCCCCCCCC
YYYRJTEEIPFCCCCCCCCCCCCCC
YYYRJTEEIPFCCCCCCCCCCCCCC
Case #54:
SSIOORDBBAQUMHJJXKKTTTNCC
SSIOORDBBAQUMHJJXKKTTTNCC
SSIZZRDBBAQUMHJJXKKTTTNCC
SSIZZRDEEAQUMHJJXKKTTTGGG
SSIZZPDEEAQUMHJJXKKTTTGGG
SSIZZPDEEAQUMHJJFKKTTTGGG
SSIZZPDEEAQUMHJJFKKTTTGGG
SSIZZPDEEAQUMHJJFKKTTTGGG
SSIZZPDEEAVVMHJJFKKTTTGGG
SSIZZPDEEAVVMHJJFKKTTTGGG
SSIZZPDEEAVVMHJJFKKTTTGGG
SSIZZPDEEAVVMHJJFKKTTTGGG
SSIZZPDEEAVVMHJJFKKTTTGGG
SSIZZWDEEAVVMHJJFKKTTTGGG
SSIZZWDEEAVVMHJJFKKTTTGGG
SSIZZWDEEAVVMHJJFKKTTTGGG
SSIZZWDEEAVVMHJJFKKTTTGGG
SSIZZWDEEAVVMHJJFKKTTTGGG
SSIZZWYYYYYYMHJJFKKTTTGGG
SSIZZWYYYYYYMHJJFKKTTTGGG
SSIZZWYYYYYYMHJJFKKTTTGGG
SSIZZWYYYYYYMHJJFKKTTTGGG
LLLLLLLLLLLLMHJJFKKTTTGGG
LLLLLLLLLLLLMHJJFKKTTTGGG
LLLLLLLLLLLLMHJJFKKTTTGGG
Case #55:
AAAAAAAAAAAAAAAAAAAAEBBBB
AAAAAAAAAAAAAAAAAAAAEBBBB
AAAAAAAAAAAAAAAAAAAAEBBBB
AAAAAAAAAAAAAAAAAAAAEBBBB
AAAAAAAAAAAAAAAAAAAAEBBBB
AAAAAAAAAAAAAAAAAAAAEBBBB
AAAAAAAAAAAAAAAAAAAAEBBBB
AAAAAAAAAAAAAAAAAAAAEBBBB
AAAAAAAAAAAAAAAAAAAAEBBBB
AAAAAAAAAAAAAAAAAAAAEBBBB
CCCCCCCCCCCCCCCCCCCCEDDDD
CCCCCCCCCCCCCCCCCCCCEDDDD
CCCCCCCCCCCCCCCCCCCCEDDDD
CCCCCCCCCCCCCCCCCCCCEDDDD
CCCCCCCCCCCCCCCCCCCCEDDDD
CCCCCCCCCCCCCCCCCCCCEDDDD
CCCCCCCCCCCCCCCCCCCCEDDDD
CCCCCCCCCCCCCCCCCCCCEDDDD
CCCCCCCCCCCCCCCCCCCCEDDDD
CCCCCCCCCCCCCCCCCCCCEDDDD
CCCCCCCCCCCCCCCCCCCCEDDDD
CCCCCCCCCCCCCCCCCCCCEDDDD
CCCCCCCCCCCCCCCCCCCCEDDDD
CCCCCCCCCCCCCCCCCCCCEDDDD
CCCCCCCCCCCCCCCCCCCCEDDDD
Case #56:
NNNNNNNNNNNNNNNNNNNCRBZFX
NNNNNNNNNNNNNNNNNNNCRBZFX
NNNNNNNNNNNNNNNNNNNCRBZFX
NNNNNNNNNNNNNNNNNNNCRBZAS
NNNNNNNNNNNNNNNNNNNCRBZTS
NNNNNNNNNNNNNNNNNNNCRVZQO
NNNNNNNNNNNNNNNNNNNCKWEMO
YYYYYYYYYYYYYYYYYYYYKWEMO
YYYYYYYYYYYYYYYYYYYYKWEUP
YYYYYYYYYYYYYYYYYYYYKWJUD
HHHHHHHHHHHHHHHHHHHHHHHUD
HHHHHHHHHHHHHHHHHHHHHHHGL
HHHHHHHHHHHHHHHHHHHHHHHGI
HHHHHHHHHHHHHHHHHHHHHHHGI
HHHHHHHHHHHHHHHHHHHHHHHGI
HHHHHHHHHHHHHHHHHHHHHHHGI
HHHHHHHHHHHHHHHHHHHHHHHGI
HHHHHHHHHHHHHHHHHHHHHHHGI
HHHHHHHHHHHHHHHHHHHHHHHGI
HHHHHHHHHHHHHHHHHHHHHHHGI
HHHHHHHHHHHHHHHHHHHHHHHGI
HHHHHHHHHHHHHHHHHHHHHHHGI
HHHHHHHHHHHHHHHHHHHHHHHGI
HHHHHHHHHHHHHHHHHHHHHHHGI
HHHHHHHHHHHHHHHHHHHHHHHGI
Case #57:
AAA
AAA
AAA
AAA
AAA
Case #58:
ABCDEFGHIJKLMNOPQRSTUVWXY
ABCDEFGHIJKLMNOPQRSTUVWXY
ABCDEFGHIJKLMNOPQRSTUVWXY
ABCDEFGHIJKLMNOPQRSTUVWXY
ABCDEFGHIJKLMNOPQRSTUVWXY
ABCDEFGHIJKLMNOPQRSTUVWXY
ABCDEFGHIJKLMNOPQRSTUVWXY
ABCDEFGHIJKLMNOPQRSTUVWXY
ABCDEFGHIJKLMNOPQRSTUVWXY
ABCDEFGHIJKLMNOPQRSTUVWXY
ABCDEFGHIJKLMNOPQRSTUVWXY
ABCDEFGHIJKLMNOPQRSTUVWXY
ABCDEFGHIJKLMNOPQRSTUVWXY
ABCDEFGHIJKLMNOPQRSTUVWXY
ABCDEFGHIJKLMNOPQRSTUVWXY
ABCDEFGHIJKLMNOPQRSTUVWXY
ABCDEFGHIJKLMNOPQRSTUVWXY
ABCDEFGHIJKLMNOPQRSTUVWXY
ABCDEFGHIJKLMNOPQRSTUVWXY
ABCDEFGHIJKLMNOPQRSTUVWXY
ABCDEFGHIJKLMNOPQRSTUVWXY
ABCDEFGHIJKLMNOPQRSTUVWXY
ABCDEFGHIJKLMNOPQRSTUVWXY
ABCDEFGHIJKLMNOPQRSTUVWXY
ABCDEFGHIJKLMNOPQRSTUVWXY
Case #59:
WWKKQEDDDJHMUXXRRLLYPTZVV
WWKKQEDDDJHMUXXRRLLYPTZVV
WWKKQEDDDJHMUXXRRLLYPTZVV
WWKKQEDDDJHMUXXRRLLYPTZVV
NNKKQEDDDJHMUXXRRLLYPTZVV
NNKKQEDDDJHMUXXRRLLYPTZVV
NNKKQEDDDJHMUXXRRLLYPTZVV
NNKKQEDDDJHMUXXRRLLYPTZVV
NNKKQEDDDJHMUXXRRLLYPTZVV
NNKKQEDDDJHMUXXRRLLYPTZVV
NNKKQEDDDOOMUXXRRLLYPTFVV
NNKKQEDDDOOAAXXRRLLYPTFVV
NNKKQEDDDOOAAXXRRLLYPTFVV
NNKKQEDDDOOAAXXRRLLYPTFVV
NNKKQEDDDOOAAXXRRLLYPTFVV
NNKKQEDDDOOAAXXRRLLYPTFVV
NNKKQEDDDIIAAXXRRLLYPTFVV
NNKKQEDDDIIAAXXRRLLYPTFVV
NNKKQEDDDIIAAXXRRLLYPTFVV
NNKKQEDDDIIBBCCCCLLYPTFVV
NNKKQEDDDIIBBCCCCSSYPTFVV
NNKKQEDDDIIBBCCCCSSYPTFVV
NNKKQEDDDIIBBCCCCSSYPTFVV
NNKKQEDDDGGBBCCCCSSYPTFVV
NNKKQEDDDGGBBCCCCSSYPTFVV
Case #60:
AAAAAAAAAAAACDEEEEEEEEEEE
AAAAAAAAAAAACDEEEEEEEEEEE
AAAAAAAAAAAACDEEEEEEEEEEE
AAAAAAAAAAAACDEEEEEEEEEEE
AAAAAAAAAAAACDEEEEEEEEEEE
AAAAAAAAAAAACDEEEEEEEEEEE
AAAAAAAAAAAACDEEEEEEEEEEE
BBBBBBBBBBBBCDEEEEEEEEEEE
BBBBBBBBBBBBCDEEEEEEEEEEE
BBBBBBBBBBBBCDEEEEEEEEEEE
BBBBBBBBBBBBCDEEEEEEEEEEE
BBBBBBBBBBBBCDEEEEEEEEEEE
BBBBBBBBBBBBCDEEEEEEEEEEE
BBBBBBBBBBBBCDEEEEEEEEEEE
BBBBBBBBBBBBCDEEEEEEEEEEE
BBBBBBBBBBBBCDEEEEEEEEEEE
BBBBBBBBBBBBCDEEEEEEEEEEE
BBBBBBBBBBBBCDEEEEEEEEEEE
BBBBBBBBBBBBCDEEEEEEEEEEE
BBBBBBBBBBBBCDEEEEEEEEEEE
BBBBBBBBBBBBCDEEEEEEEEEEE
BBBBBBBBBBBBCDEEEEEEEEEEE
BBBBBBBBBBBBCDEEEEEEEEEEE
BBBBBBBBBBBBCDEEEEEEEEEEE
BBBBBBBBBBBBCDEEEEEEEEEEE
Case #61:
BBAA
BBAA
BBAA
Case #62:
SSSSSSSSLLJUGBOKWMVEEEEEE
SSSSSSSSLLJUGBOKWMVEEEEEE
SSSSSSSSLLJUGBOKWMVEEEEEE
SSSSSSSSLLJUGBOKWMVEEEEEE
SSSSSSSSLLJUGBOKWMVEEEEEE
SSSSSSSSLLJUGBOKWMVEEEEEE
SSSSSSSSLLJUGBOKWMVEEEEEE
SSSSSSSSLLJUGBOKWMVEEEEEE
SSSSSSSSLLJUGBOKWMVEEEEEE
SSSSSSSSLLJUGBOKWMVEEEEEE
SSSSSSSSLLJUGBOKWMVEEEEEE
SSSSSSSSLLJUYBFKWMVEEEEEE
SSSSSSSSLLJUYBFKWXVEEEEEE
SSSSSSSSLLJUYBFKWXVEEEEEE
SSSSSSSSLLPUYBFKWXVEEEEEE
SSSSSSSSLLPZHBFKWCVEEEEEE
QQQQQQQQLLPZHBFKWCVEEEEEE
QQQQQQQQLLPZABFKWCDEEEEEE
NNNNNNNNNNNNAITTTRDEEEEEE
NNNNNNNNNNNNAITTTRDEEEEEE
NNNNNNNNNNNNAITTTRDEEEEEE
NNNNNNNNNNNNAITTTRDEEEEEE
NNNNNNNNNNNNAITTTRDEEEEEE
NNNNNNNNNNNNAITTTRDEEEEEE
NNNNNNNNNNNNAITTTRDEEEEEE
Case #63:
SHHHPPPZZZTBJQNNDDOOKUEMM
SHHHPPPRRRTBJQNNDDOOKUEMM
SHHHPPPRRRTBJQNNDDOOKUEMM
SHHHPPPRRRTBJQNNDDOOKUEMM
SHHHPPPRRRTBJQNNDDOOKUEMM
SHHHPPPRRRTBJQNNDDOOKUEMM
SHHHPPPRRRTBJQNNDDOOKUEMM
SHHHPPPRRRTBJQNNDDOOGUEMM
SHHHPPPRRRTBJQNNDDOOGUEMM
SIIIPPPRRRTBJQNNDDOOGUEMM
SIIIPPPRRRTBJQNNDDOOXUEMM
SIIIPPPRRRTBJQNNDDOOXUEMM
SIIIPPPRRRTBJQNNDDOOXUEMM
SIIIYYYCCCCBWQNNVVVVVUEMM
SIIIYYYCCCCBWQNNVVVVVUEMM
FIIIYYYCCCCBWQNNVVVVVUEMM
FIIIYYYCCCCBWLLLVVVVVUEMM
FIIIYYYCCCCBWLLLVVVVVUEMM
FIIIYYYAAAAAWLLLVVVVVUEMM
FIIIYYYAAAAAWLLLVVVVVUEMM
FIIIYYYAAAAAWLLLVVVVVUEMM
FIIIYYYAAAAAWLLLVVVVVUEMM
FIIIYYYAAAAAWLLLVVVVVUEMM
FIIIYYYAAAAAWLLLVVVVVUEMM
FIIIYYYAAAAAWLLLVVVVVUEMM
Case #64:
ZKNNNNLLTTTEUUPCCHIIISAXB
ZKNNNNLLTTTEUUPCCFIIISAXB
ZKNNNNLLTTTEUUPCCFVVVSDXB
ZKNNNNLLTTTEUUPCCFVVVSDXB
ZKNNNNLLTTTEUUPCCFVVVSDXR
ZKNNNNLLTTTEUUPCCFVVVSDXR
ZMNNNNLLOOOEUUPCCFVVVSDXR
ZGNNNNLLOOOEUUPCCFVVVSDXR
ZGNNNNLLOOOEUUPCCFVVVSDXR
ZGNNNNLLOOOEUUPCCFVVVSDXR
WGNNNNLLOOOEUUPCCFQQQSDXR
YGNNNNLLOOOEUUPCCJQQQSDXR
YGNNNNLLOOOEUUPCCJQQQSDXR
YGNNNNLLOOOEUUPCCJQQQSDXR
YGNNNNLLOOOEUUPCCJQQQSDXR
YGNNNNLLOOOEUUPCCJQQQSDXR
YGNNNNLLOOOEUUPCCJQQQSDXR
YGNNNNLLOOOEUUPCCJQQQSDXR
YGNNNNLLOOOEUUPCCJQQQSDXR
YGNNNNLLOOOEUUPCCJQQQSDXR
YGNNNNLLOOOEUUPCCJQQQSDXR
YGNNNNLLOOOEUUPCCJQQQSDXR
YGNNNNLLOOOEUUPCCJQQQSDXR
YGNNNNLLOOOEUUPCCJQQQSDXR
YGNNNNLLOOOEUUPCCJQQQSDXR
Case #65:
AAAAAAAAAAAAAAAAAAAAAAAAA
BBBBBBBBBBBBBBBBBBBBBBBBB
CCCCCCCCCCCCCCCCCCCCCCCCC
DDDDDDDDDDDDDDDDDDDDDDDDD
EEEEEEEEEEEEEEEEEEEEEEEEE
FFFFFFFFFFFFFFFFFFFFFFFFF
GGGGGGGGGGGGGGGGGGGGGGGGG
HHHHHHHHHHHHHHHHHHHHHHHHH
IIIIIIIIIIIIIIIIIIIIIIIII
JJJJJJJJJJJJJJJJJJJJJJJJJ
KKKKKKKKKKKKKKKKKKKKKKKKK
LLLLLLLLLLLLLLLLLLLLLLLLL
MMMMMMMMMMMMMMMMMMMMMMMMM
NNNNNNNNNNNNNNNNNNNNNNNNN
OOOOOOOOOOOOOOOOOOOOOOOOO
PPPPPPPPPPPPPPPPPPPPPPPPP
QQQQQQQQQQQQQQQQQQQQQQQQQ
RRRRRRRRRRRRRRRRRRRRRRRRR
SSSSSSSSSSSSSSSSSSSSSSSSS
TTTTTTTTTTTTTTTTTTTTTTTTT
UUUUUUUUUUUUUUUUUUUUUUUUU
VVVVVVVVVVVVVVVVVVVVVVVVV
WWWWWWWWWWWWWWWWWWWWWWWWW
XXXXXXXXXXXXXXXXXXXXXXXXX
YYYYYYYYYYYYYYYYYYYYYYYYY
Case #66:
MMMMMMMMMMMMMMAVVFEEBSLTN
MMMMMMMMMMMMMMQVVFEEBSKTN
MMMMMMMMMMMMMMQVVFEEBSUTN
MMMMMMMMMMMMMMIIIFEEBZUTO
MMMMMMMMMMMMMMIIIFEEYDUTO
HHHHHHHHHHHHHHHHHFEEYDUTO
HHHHHHHHHHHHHHHHHFEEYDUTO
HHHHHHHHHHHHHHHHHFEEYDUTJ
XXXXXXXXXXXXXXXXXXXXYDUWJ
RRRRRRRRRRRRRRRRRRRRRRUWJ
RRRRRRRRRRRRRRRRRRRRRRPWJ
RRRRRRRRRRRRRRRRRRRRRRGWJ
RRRRRRRRRRRRRRRRRRRRRRGWJ
RRRRRRRRRRRRRRRRRRRRRRGCJ
RRRRRRRRRRRRRRRRRRRRRRGCJ
RRRRRRRRRRRRRRRRRRRRRRGCJ
RRRRRRRRRRRRRRRRRRRRRRGCJ
RRRRRRRRRRRRRRRRRRRRRRGCJ
RRRRRRRRRRRRRRRRRRRRRRGCJ
RRRRRRRRRRRRRRRRRRRRRRGCJ
RRRRRRRRRRRRRRRRRRRRRRGCJ
RRRRRRRRRRRRRRRRRRRRRRGCJ
RRRRRRRRRRRRRRRRRRRRRRGCJ
RRRRRRRRRRRRRRRRRRRRRRGCJ
RRRRRRRRRRRRRRRRRRRRRRGCJ
Case #67:
ABCDEFGHIJKLMNOPQRSTUVWXY
ABCDEFGHIJKLMNOPQRSTUVWXY
ABCDEFGHIJKLMNOPQRSTUVWXY
ABCDEFGHIJKLMNOPQRSTUVWXY
ABCDEFGHIJKLMNOPQRSTUVWXY
ABCDEFGHIJKLMNOPQRSTUVWXY
ABCDEFGHIJKLMNOPQRSTUVWXY
ABCDEFGHIJKLMNOPQRSTUVWXY
ABCDEFGHIJKLMNOPQRSTUVWXY
ABCDEFGHIJKLMNOPQRSTUVWXY
ABCDEFGHIJKLMNOPQRSTUVWXY
ABCDEFGHIJKLMNOPQRSTUVWXY
ABCDEFGHIJKLMNOPQRSTUVWXY
ABCDEFGHIJKLMNOPQRSTUVWXY
ABCDEFGHIJKLMNOPQRSTUVWXY
ABCDEFGHIJKLMNOPQRSTUVWXY
ABCDEFGHIJKLMNOPQRSTUVWXY
ABCDEFGHIJKLMNOPQRSTUVWXY
ABCDEFGHIJKLMNOPQRSTUVWXY
ABCDEFGHIJKLMNOPQRSTUVWXY
ABCDEFGHIJKLMNOPQRSTUVWXY
ABCDEFGHIJKLMNOPQRSTUVWXY
ABCDEFGHIJKLMNOPQRSTUVWXY
ABCDEFGHIJKLMNOPQRSTUVWXY
ABCDEFGHIJKLMNOPQRSTUVWXY
Case #68:
BBBBBBWSVEICHRYYYYYYYYYYY
BBBBBBWSVEICHRYYYYYYYYYYY
BBBBBBWSVEICHRYYYYYYYYYYY
BBBBBBWSVEICHRYYYYYYYYYYY
BBBBBBWSVEICHRYYYYYYYYYYY
BBBBBBWSVEICHRYYYYYYYYYYY
BBBBBBWSVEICHRYYYYYYYYYYY
BBBBBBWSVEICHRYYYYYYYYYYY
BBBBBBWSVEICHRYYYYYYYYYYY
BBBBBBWSVEICHRYYYYYYYYYYY
BBBBBBWSVEICHRYYYYYYYYYYY
BBBBBBWSVEICHRYYYYYYYYYYY
BBBBBBWSVEICHRYYYYYYYYYYY
BBBBBBWSVEICHRYYYYYYYYYYY
BBBBBBWSVEICHRYYYYYYYYYYY
BBBBBBWSVEICHRYYYYYYYYYYY
BBBBBBWSVXICHRYYYYYYYYYYY
BBBBBBWSVXICHRYYYYYYYYYYY
BBBBBBWSMXACHRYYYYYYYYYYY
BBBBBBWSFLACKRYYYYYYYYYYY
NNNNNNQZFLACPRYYYYYYYYYYY
UUUUUUJJGLACPRYYYYYYYYYYY
OOOOOOOOTTDCPRYYYYYYYYYYY
OOOOOOOOTTDCPRYYYYYYYYYYY
OOOOOOOOTTDCPRYYYYYYYYYYY
Case #69:
IIIIIIHHOFRDTTYCCNNPBLQUS
IIIIIIHHOFRDTTYCCNNPBLQUS
WWWWWWHHOFRDTTYCCNNPBLQUS
WWWWWWHHOFRDTTYCCNNPBLQUS
WWWWWWHHOFRGTTYCCNNPBLQUS
WWWWWWHHOFRGTTYCCNNPBLQUS
WWWWWWHHOFRGTTYCCNNPBJQUS
WWWWWWHHOFRGTTYCCNNPBJQUS
WWWWWWHHOFRGTTYCCNNPBJQUS
WWWWWWHHOFRGTTYCCNNPBJQUS
WWWWWWHHOFRGTTYCCNNPBJQVS
WWWWWWHHOFRGTTYCCNNPBJQVS
WWWWWWHHOFEGTTYCCNNPBJQVS
WWWWWWHHOFEGTTYCCNNPBXXVS
WWWWWWHHOFEGTTYCCNNPBXXVS
WWWWWWHHOFEGTTYCCNNPBXXVS
KKKKKKKKKKEGTTYCCNNPBXXVS
KKKKKKKKKKEGTTYCCNNPBXXMS
KKKKKKKKKKEGTTYCCNNPBXXMS
KKKKKKKKKKEGTTYCCNNPBXXMS
KKKKKKKKKKEGTTYCCNNPBXXMS
KKKKKKKKKKEGTTYCCNNPBZZMS
KKKKKKKKKKEGTTYCCNNPBAAMS
KKKKKKKKKKEGTTYCCNNPBAAMS
KKKKKKKKKKEGTTYCCNNPBAAMS
Case #70:
ABCDEFGHIJKLMNOPQRSTUVWXY
ABCDEFGHIJKLMNOPQRSTUVWXY
ABCDEFGHIJKLMNOPQRSTUVWXY
ABCDEFGHIJKLMNOPQRSTUVWXY
ABCDEFGHIJKLMNOPQRSTUVWXY
ABCDEFGHIJKLMNOPQRSTUVWXY
ABCDEFGHIJKLMNOPQRSTUVWXY
ABCDEFGHIJKLMNOPQRSTUVWXY
ABCDEFGHIJKLMNOPQRSTUVWXY
ABCDEFGHIJKLMNOPQRSTUVWXY
ABCDEFGHIJKLMNOPQRSTUVWXY
ABCDEFGHIJKLMNOPQRSTUVWXY
ABCDEFGHIJKLMNOPQRSTUVWXY
ABCDEFGHIJKLMNOPQRSTUVWXY
ABCDEFGHIJKLMNOPQRSTUVWXY
ABCDEFGHIJKLMNOPQRSTUVWXY
ABCDEFGHIJKLMNOPQRSTUVWXY
ABCDEFGHIJKLMNOPQRSTUVWXY
ABCDEFGHIJKLMNOPQRSTUVWXY
ABCDEFGHIJKLMNOPQRSTUVWXY
ABCDEFGHIJKLMNOPQRSTUVWXY
ABCDEFGHIJKLMNOPQRSTUVWXY
ABCDEFGHIJKLMNOPQRSTUVWXY
ABCDEFGHIJKLMNOPQRSTUVWXY
ABCDEFGHIJKLMNOPQRSTUVWXY
Case #71:
AAAAAAAAAAAAAAAAAAAAAAAAA
BBBBBBBBBBBBBBBBBBBBBBBBB
CCCCCCCCCCCCCCCCCCCCCCCCC
DDDDDDDDDDDDDDDDDDDDDDDDD
EEEEEEEEEEEEEEEEEEEEEEEEE
FFFFFFFFFFFFFFFFFFFFFFFFF
GGGGGGGGGGGGGGGGGGGGGGGGG
HHHHHHHHHHHHHHHHHHHHHHHHH
IIIIIIIIIIIIIIIIIIIIIIIII
JJJJJJJJJJJJJJJJJJJJJJJJJ
KKKKKKKKKKKKKKKKKKKKKKKKK
LLLLLLLLLLLLLLLLLLLLLLLLL
MMMMMMMMMMMMMMMMMMMMMMMMM
NNNNNNNNNNNNNNNNNNNNNNNNN
OOOOOOOOOOOOOOOOOOOOOOOOO
PPPPPPPPPPPPPPPPPPPPPPPPP
QQQQQQQQQQQQQQQQQQQQQQQQQ
RRRRRRRRRRRRRRRRRRRRRRRRR
SSSSSSSSSSSSSSSSSSSSSSSSS
TTTTTTTTTTTTTTTTTTTTTTTTT
UUUUUUUUUUUUUUUUUUUUUUUUU
VVVVVVVVVVVVVVVVVVVVVVVVV
WWWWWWWWWWWWWWWWWWWWWWWWW
XXXXXXXXXXXXXXXXXXXXXXXXX
YYYYYYYYYYYYYYYYYYYYYYYYY
Case #72:
EGYCQWJJJIIHHPPBBMMMMUXTN
EGYCQWJJJIIHHPPBBMMMMUXTN
EGYCQWJJJIIHHPPBBMMMMUXTN
EGYCQWJJJIIHHPPBBMMMMUXTN
EAYCQWJJJIIHHPPBBMMMMULTN
EAYCQWJJJIIHHPPBBMMMMULTN
EAYCQRRRRIIHHPPBBMMMMULTN
EAYCQRRRRIIHHPPBBMMMMULTN
EAYCQRRRRFFHHPPBBMMMMULTN
EAYCQRRRRFFHHPPBBMMMMULVN
EAYCQRRRRFFHHPPBBMMMMUKVN
EAYCQRRRRFFHHPPBBMMMMUKVN
EAYCQRRRRFFHHPPBBMMMMUKVN
EAYCQRRRRFFHHPPBBMMMMUKVN
EAYCQRRRRFFHHPPBBMMMMUKVN
EAYCQRRRRFFHHPPBBMMMMUKVN
EAYCQRRRRFFHHOOOOOOOOUKVN
EAYCQRRRRFFHHOOOOOOOOUKVN
EAYCQRRRRFFHHOOOOOOOOUKVN
DDDDDDDDDFFHHOOOOOOOOUKVN
DDDDDDDDDFFHHOOOOOOOOUKVN
DDDDDDDDDFFHHOOOOOOOOUKVN
ZZZZZZZZZFFHHOOOOOOOOUKVN
ZZZZZZZZZFFHHOOOOOOOOUSSN
ZZZZZZZZZFFHHOOOOOOOOUSSN
Case #73:
AAA
AAA
AAA
AAA
Case #74:
A
A
Case #75:
A
B
Case #76:
GDA
CDE
BDF
Case #77:
F
D
D
M
M
M
H
H
C
G
E
B
B
K
K
K
K
I
A
A
J
J
L
L
L
Case #78:
AAACDEEEEEEEEEEEEEEEEEEEE
AAACDEEEEEEEEEEEEEEEEEEEE
AAACDEEEEEEEEEEEEEEEEEEEE
AAACDEEEEEEEEEEEEEEEEEEEE
AAACDEEEEEEEEEEEEEEEEEEEE
AAACDEEEEEEEEEEEEEEEEEEEE
AAACDEEEEEEEEEEEEEEEEEEEE
AAACDEEEEEEEEEEEEEEEEEEEE
AAACDEEEEEEEEEEEEEEEEEEEE
AAACDEEEEEEEEEEEEEEEEEEEE
AAACDEEEEEEEEEEEEEEEEEEEE
AAACDEEEEEEEEEEEEEEEEEEEE
AAACDEEEEEEEEEEEEEEEEEEEE
AAACDEEEEEEEEEEEEEEEEEEEE
AAACDEEEEEEEEEEEEEEEEEEEE
AAACDEEEEEEEEEEEEEEEEEEEE
AAACDEEEEEEEEEEEEEEEEEEEE
AAACDEEEEEEEEEEEEEEEEEEEE
AAACDEEEEEEEEEEEEEEEEEEEE
BBBCDEEEEEEEEEEEEEEEEEEEE
BBBCDEEEEEEEEEEEEEEEEEEEE
BBBCDEEEEEEEEEEEEEEEEEEEE
BBBCDEEEEEEEEEEEEEEEEEEEE
BBBCDEEEEEEEEEEEEEEEEEEEE
BBBCDEEEEEEEEEEEEEEEEEEEE
Case #79:
ABCDEFGHIJKLMNOPQRSTUVWXY
ABCDEFGHIJKLMNOPQRSTUVWXY
ABCDEFGHIJKLMNOPQRSTUVWXY
ABCDEFGHIJKLMNOPQRSTUVWXY
ABCDEFGHIJKLMNOPQRSTUVWXY
ABCDEFGHIJKLMNOPQRSTUVWXY
ABCDEFGHIJKLMNOPQRSTUVWXY
ABCDEFGHIJKLMNOPQRSTUVWXY
ABCDEFGHIJKLMNOPQRSTUVWXY
ABCDEFGHIJKLMNOPQRSTUVWXY
ABCDEFGHIJKLMNOPQRSTUVWXY
ABCDEFGHIJKLMNOPQRSTUVWXY
ABCDEFGHIJKLMNOPQRSTUVWXY
ABCDEFGHIJKLMNOPQRSTUVWXY
ABCDEFGHIJKLMNOPQRSTUVWXY
ABCDEFGHIJKLMNOPQRSTUVWXY
ABCDEFGHIJKLMNOPQRSTUVWXY
ABCDEFGHIJKLMNOPQRSTUVWXY
ABCDEFGHIJKLMNOPQRSTUVWXY
ABCDEFGHIJKLMNOPQRSTUVWXY
ABCDEFGHIJKLMNOPQRSTUVWXY
ABCDEFGHIJKLMNOPQRSTUVWXY
ABCDEFGHIJKLMNOPQRSTUVWXY
ABCDEFGHIJKLMNOPQRSTUVWXY
ABCDEFGHIJKLMNOPQRSTUVWXY
Case #80:
AAAAAAAAAAAAAAAAAAAAAAAAA
BBBBBBBBBBBBBBBBBBBBBBBBB
CCCCCCCCCCCCCCCCCCCCCCCCC
DDDDDDDDDDDDDDDDDDDDDDDDD
EEEEEEEEEEEEEEEEEEEEEEEEE
FFFFFFFFFFFFFFFFFFFFFFFFF
GGGGGGGGGGGGGGGGGGGGGGGGG
HHHHHHHHHHHHHHHHHHHHHHHHH
IIIIIIIIIIIIIIIIIIIIIIIII
JJJJJJJJJJJJJJJJJJJJJJJJJ
KKKKKKKKKKKKKKKKKKKKKKKKK
LLLLLLLLLLLLLLLLLLLLLLLLL
MMMMMMMMMMMMMMMMMMMMMMMMM
NNNNNNNNNNNNNNNNNNNNNNNNN
OOOOOOOOOOOOOOOOOOOOOOOOO
PPPPPPPPPPPPPPPPPPPPPPPPP
QQQQQQQQQQQQQQQQQQQQQQQQQ
RRRRRRRRRRRRRRRRRRRRRRRRR
SSSSSSSSSSSSSSSSSSSSSSSSS
TTTTTTTTTTTTTTTTTTTTTTTTT
UUUUUUUUUUUUUUUUUUUUUUUUU
VVVVVVVVVVVVVVVVVVVVVVVVV
WWWWWWWWWWWWWWWWWWWWWWWWW
XXXXXXXXXXXXXXXXXXXXXXXXX
YYYYYYYYYYYYYYYYYYYYYYYYY
Case #81:
AAAAAAAAACDEFFFFJGGGGGGGG
AAAAAAAAACDEFFFFJGGGGGGGG
AAAAAAAAACDEFFFFJGGGGGGGG
AAAAAAAAACDEFFFFJGGGGGGGG
BBBBBBBBBCDEFFFFJGGGGGGGG
BBBBBBBBBCDEFFFFJGGGGGGGG
BBBBBBBBBCDEFFFFJGGGGGGGG
BBBBBBBBBCDEFFFFJGGGGGGGG
BBBBBBBBBCDEFFFFJGGGGGGGG
BBBBBBBBBCDEFFFFJGGGGGGGG
BBBBBBBBBCDEFFFFJGGGGGGGG
BBBBBBBBBCDEFFFFJGGGGGGGG
BBBBBBBBBCDEFFFFJGGGGGGGG
BBBBBBBBBCDEFFFFJGGGGGGGG
HHHHHHHHHHHHHHHHJIIIIIIII
HHHHHHHHHHHHHHHHJIIIIIIII
HHHHHHHHHHHHHHHHJIIIIIIII
HHHHHHHHHHHHHHHHJIIIIIIII
HHHHHHHHHHHHHHHHJIIIIIIII
HHHHHHHHHHHHHHHHJIIIIIIII
HHHHHHHHHHHHHHHHJIIIIIIII
HHHHHHHHHHHHHHHHJIIIIIIII
HHHHHHHHHHHHHHHHJIIIIIIII
HHHHHHHHHHHHHHHHJIIIIIIII
HHHHHHHHHHHHHHHHJIIIIIIII
Case #82:
QPKZYEEWWHHHHVGCCDDORRMFI
QPKZYEEWWHHHHSGCCDDORRMFI
QPKZYEEBBHHHHSGCCDDORRMFI
QPKZYEEBBHHHHSGCCDDORRMFI
QPKZYEEBBHHHHSGCCDDORRMFI
QPKZYEEBBHHHHSGCCDDORRMFI
QPKZYEEBBHHHHSGCCDDORRMFI
QPKZYEEBBHHHHSGCCDDORRAAI
JJLZYTTBBHHHHSGCCDDORRAAX
JJLZYTTBBHHHHSGCCDDORRAAX
JJLZYTTBBHHHHSGCCDDORRAAX
JJLZYTTBBHHHHSGCCDDORRAAX
JJLZYTTBBHHHHSGCCDDORRAAX
JJLZYTTBBUUUUSGCCDDORRAAX
JJLZYTTBBUUUUSGCCDDORRAAX
JJLZYTTBBUUUUSGCCDDORRAAX
JJLZYTTBBUUUUSGCCDDORRAAX
JJLZYTTBBUUUUSGCCDDORRAAX
JJLZYTTBBUUUUNNNNDDORRAAX
JJLZYTTBBUUUUNNNNDDORRAAX
JJLZYTTBBUUUUNNNNDDORRAAX
JJLZYTTBBUUUUNNNNDDORRAAX
JJLZYTTBBUUUUNNNNDDORRAAX
JJLZYTTBBUUUUNNNNDDORRAAX
JJLZYTTBBUUUUNNNNDDORRAAX
Case #83:
AAAAAACDEFFFFFFFJGGGGGGGG
AAAAAACDEFFFFFFFJGGGGGGGG
AAAAAACDEFFFFFFFJGGGGGGGG
AAAAAACDEFFFFFFFJGGGGGGGG
AAAAAACDEFFFFFFFJGGGGGGGG
AAAAAACDEFFFFFFFJGGGGGGGG
AAAAAACDEFFFFFFFJGGGGGGGG
BBBBBBCDEFFFFFFFJGGGGGGGG
BBBBBBCDEFFFFFFFJGGGGGGGG
BBBBBBCDEFFFFFFFJGGGGGGGG
BBBBBBCDEFFFFFFFJGGGGGGGG
BBBBBBCDEFFFFFFFJGGGGGGGG
BBBBBBCDEFFFFFFFJGGGGGGGG
BBBBBBCDEFFFFFFFJGGGGGGGG
BBBBBBCDEFFFFFFFJGGGGGGGG
BBBBBBCDEFFFFFFFJGGGGGGGG
BBBBBBCDEFFFFFFFJGGGGGGGG
BBBBBBCDEFFFFFFFJGGGGGGGG
BBBBBBCDEFFFFFFFJGGGGGGGG
BBBBBBCDEFFFFFFFJGGGGGGGG
HHHHHHHHHHHHHHHHJIIIIIIII
HHHHHHHHHHHHHHHHJIIIIIIII
HHHHHHHHHHHHHHHHJIIIIIIII
HHHHHHHHHHHHHHHHJIIIIIIII
HHHHHHHHHHHHHHHHJIIIIIIII
Case #84:
AAAEBBBBFFFFFFFFFFFFFHIJJ
AAAEBBBBFFFFFFFFFFFFFHIJJ
AAAEBBBBFFFFFFFFFFFFFHIJJ
AAAEBBBBFFFFFFFFFFFFFHIJJ
AAAEBBBBFFFFFFFFFFFFFHIJJ
CCCEDDDDFFFFFFFFFFFFFHIJJ
CCCEDDDDFFFFFFFFFFFFFHIJJ
CCCEDDDDFFFFFFFFFFFFFHIJJ
CCCEDDDDFFFFFFFFFFFFFHIJJ
CCCEDDDDFFFFFFFFFFFFFHIJJ
CCCEDDDDFFFFFFFFFFFFFHIJJ
CCCEDDDDFFFFFFFFFFFFFHIJJ
CCCEDDDDFFFFFFFFFFFFFHIJJ
CCCEDDDDFFFFFFFFFFFFFHIJJ
CCCEDDDDFFFFFFFFFFFFFHIJJ
GGGGGGGGGGGGGGGGGGGGGHIJJ
GGGGGGGGGGGGGGGGGGGGGHIJJ
GGGGGGGGGGGGGGGGGGGGGHIJJ
GGGGGGGGGGGGGGGGGGGGGHIJJ
GGGGGGGGGGGGGGGGGGGGGHIJJ
GGGGGGGGGGGGGGGGGGGGGHIJJ
GGGGGGGGGGGGGGGGGGGGGHIJJ
GGGGGGGGGGGGGGGGGGGGGHIJJ
GGGGGGGGGGGGGGGGGGGGGHIJJ
GGGGGGGGGGGGGGGGGGGGGHIJJ
Case #85:
AAAAAAACDEEEEEEEEEEEEEEEE
AAAAAAACDEEEEEEEEEEEEEEEE
AAAAAAACDEEEEEEEEEEEEEEEE
AAAAAAACDEEEEEEEEEEEEEEEE
AAAAAAACDEEEEEEEEEEEEEEEE
AAAAAAACDEEEEEEEEEEEEEEEE
AAAAAAACDEEEEEEEEEEEEEEEE
AAAAAAACDEEEEEEEEEEEEEEEE
AAAAAAACDEEEEEEEEEEEEEEEE
AAAAAAACDEEEEEEEEEEEEEEEE
AAAAAAACDEEEEEEEEEEEEEEEE
AAAAAAACDEEEEEEEEEEEEEEEE
BBBBBBBCDEEEEEEEEEEEEEEEE
BBBBBBBCDEEEEEEEEEEEEEEEE
BBBBBBBCDEEEEEEEEEEEEEEEE
BBBBBBBCDEEEEEEEEEEEEEEEE
BBBBBBBCDEEEEEEEEEEEEEEEE
BBBBBBBCDEEEEEEEEEEEEEEEE
BBBBBBBCDEEEEEEEEEEEEEEEE
BBBBBBBCDEEEEEEEEEEEEEEEE
BBBBBBBCDEEEEEEEEEEEEEEEE
BBBBBBBCDEEEEEEEEEEEEEEEE
BBBBBBBCDEEEEEEEEEEEEEEEE
BBBBBBBCDEEEEEEEEEEEEEEEE
BBBBBBBCDEEEEEEEEEEEEEEEE
Case #86:
ABCDEFGHIJKLMNOPQRSTUVWXY
ABCDEFGHIJKLMNOPQRSTUVWXY
ABCDEFGHIJKLMNOPQRSTUVWXY
ABCDEFGHIJKLMNOPQRSTUVWXY
ABCDEFGHIJKLMNOPQRSTUVWXY
ABCDEFGHIJKLMNOPQRSTUVWXY
ABCDEFGHIJKLMNOPQRSTUVWXY
ABCDEFGHIJKLMNOPQRSTUVWXY
ABCDEFGHIJKLMNOPQRSTUVWXY
ABCDEFGHIJKLMNOPQRSTUVWXY
ABCDEFGHIJKLMNOPQRSTUVWXY
ABCDEFGHIJKLMNOPQRSTUVWXY
ABCDEFGHIJKLMNOPQRSTUVWXY
ABCDEFGHIJKLMNOPQRSTUVWXY
ABCDEFGHIJKLMNOPQRSTUVWXY
ABCDEFGHIJKLMNOPQRSTUVWXY
ABCDEFGHIJKLMNOPQRSTUVWXY
ABCDEFGHIJKLMNOPQRSTUVWXY
ABCDEFGHIJKLMNOPQRSTUVWXY
ABCDEFGHIJKLMNOPQRSTUVWXY
ABCDEFGHIJKLMNOPQRSTUVWXY
ABCDEFGHIJKLMNOPQRSTUVWXY
ABCDEFGHIJKLMNOPQRSTUVWXY
ABCDEFGHIJKLMNOPQRSTUVWXY
ABCDEFGHIJKLMNOPQRSTUVWXY
Case #87:
BC
DA
Case #88:
AA
Case #89:
IIPPYWBZGOFFTJJREEEEEEEEE
IIPPYWBZGOFFTJJREEEEEEEEE
IIPPYWBZGOFFTJJREEEEEEEEE
IIPPYWBZGOFFTJJREEEEEEEEE
IIPPYWBZGOFFTJJREEEEEEEEE
IIPPYWBZGOFFTJJREEEEEEEEE
IIPPYWBZGOFFTJJREEEEEEEEE
IIPPYWBZGOFFTJJREEEEEEEEE
IIPPYWBZGOFFTJJREEEEEEEEE
IIPPYWBZGOFFTJJREEEEEEEEE
IIPPYWBZGOFFTJJREEEEEEEEE
IIPPYWBZGOFFTJJREEEEEEEEE
IIPPYWBZGOFFTJJREEEEEEEEE
IIPPYWBZGOFFTJJREEEEEEEEE
IIPPYWBZGOFFTJJREEEEEEEEE
IIPPYWBZGOFFTJJREEEEEEEEE
IIPPYWBZGOFFCJJREEEEEEEEE
IIPPYWBZGQFFCJJREEEEEEEEE
IIPPYWBZMQHHUJJREEEEEEEEE
IIPPYWBKMQHHUJJREEEEEEEEE
IIPPYWBVMQAAUJJRXXXXXXXXX
IIPPYSBVMQAAUJJRXXXXXXXXX
IIPPYSBVMQAAUJJRXXXXXXXXX
IIPPLLBVMQAAUJJRXXXXXXXXX
IIPPDDDDDNAAUJJRXXXXXXXXX
Case #90:
XBBIUUECZZZVDDYOAAALTPJJJ
XBBIUUECKKKVDDYOAAALTPJJJ
XBBIUUECNNNVDDYOAAALTPJJJ
XBBIUUECNNNVRRYOAAALTPJJJ
XBBIUUECNNNVRRYOAAALTPJJJ
XBBIUUECNNNVRRYOAAALTPMMM
XBBIUUECNNNVRRYOAAALTHMMM
XBBIUUECNNNVRRYOAAALTHMMM
XBBIUUECNNNVRRYOAAALTHMMM
XBBIUUECNNNVRRYOAAALTHFFF
XBBIUUECNNNVRRYOAAALTHFFF
XBBIUUECNNNVRRYWAAAQTHFFF
XBBIUUECNNNVRRYWAAAQTHFFF
XBBIUUECNNNVRRYWAAAQTSFFF
XBBIUUECNNNVRRYWAAAQTSFFF
XBBIUUECNNNVRRYWAAAQTSFFF
XBBIUUECNNNVRRYWAAAQTSFFF
XGGIUUECNNNVRRYWAAAQTSFFF
XGGIUUECNNNVRRYWAAAQTSFFF
XGGIUUECNNNVRRYWAAAQTSFFF
XGGIUUECNNNVRRYWAAAQTSFFF
XGGIUUECNNNVRRYWAAAQTSFFF
XGGIUUECNNNVRRYWAAAQTSFFF
XGGIUUECNNNVRRYWAAAQTSFFF
XGGIUUECNNNVRRYWAAAQTSFFF
Case #91:
BACJH
BAKFG
DIIEG
Case #92:
ANBOCPDQERFSGTHUIVJWKXLYM
ZNBOCPDQERFSGTHUIVJWKXLYM
ZNBOCPDQERFSGTHUIVJWKXLYM
ZNBOCPDQERFSGTHUIVJWKXLYM
ZNBOCPDQERFSGTHUIVJWKXLYM
ZNBOCPDQERFSGTHUIVJWKXLYM
ZNBOCPDQERFSGTHUIVJWKXLYM
ZNBOCPDQERFSGTHUIVJWKXLYM
ZNBOCPDQERFSGTHUIVJWKXLYM
ZNBOCPDQERFSGTHUIVJWKXLYM
ZNBOCPDQERFSGTHUIVJWKXLYM
ZNBOCPDQERFSGTHUIVJWKXLYM
ZNBOCPDQERFSGTHUIVJWKXLYM
ZNBOCPDQERFSGTHUIVJWKXLYM
ZNBOCPDQERFSGTHUIVJWKXLYM
ZNBOCPDQERFSGTHUIVJWKXLYM
ZNBOCPDQERFSGTHUIVJWKXLYM
ZNBOCPDQERFSGTHUIVJWKXLYM
ZNBOCPDQERFSGTHUIVJWKXLYM
ZNBOCPDQERFSGTHUIVJWKXLYM
ZNBOCPDQERFSGTHUIVJWKXLYM
ZNBOCPDQERFSGTHUIVJWKXLYM
ZNBOCPDQERFSGTHUIVJWKXLYM
ZNBOCPDQERFSGTHUIVJWKXLYM
ZNBOCPDQERFSGTHUIVJWKXLYM
Case #93:
LLLLLLLLLLLLLQDWIRUZNFXKT
LLLLLLLLLLLLLQDWIRUZNFXKT
LLLLLLLLLLLLLQDWIRUZNFXKT
LLLLLLLLLLLLLQDWIRUZNFXKT
LLLLLLLLLLLLLQDWIRUZNFXKT
LLLLLLLLLLLLLQDWIRUZNFXKT
LLLLLLLLLLLLLQDWIRUZNFXKT
LLLLLLLLLLLLLQDWIRUZNFXKT
LLLLLLLLLLLLLQDWIRUVSFXKT
LLLLLLLLLLLLLQDWIRUVHBXKT
LLLLLLLLLLLLLQDWIRUEHBXKT
LLLLLLLLLLLLLQDWIRUEHBOOT
LLLLLLLLLLLLLQDWIYUEHBOOT
LLLLLLLLLLLLLQDWIYUEHMOOT
LLLLLLLLLLLLLQDWIYUEHMOOT
LLLLLLLLLLLLLQDWIYUEHMGGT
LLLLLLLLLLLLLQDWIYUJHPGGC
LLLLLLLLLLLLLQDWIYUJHPAAC
LLLLLLLLLLLLLQDWIYUJHPAAC
LLLLLLLLLLLLLQDWIYUJHPAAC
LLLLLLLLLLLLLQDWIYUJHPAAC
LLLLLLLLLLLLLQDWIYUJHPAAC
LLLLLLLLLLLLLQDWIYUJHPAAC
LLLLLLLLLLLLLQDWIYUJHPAAC
LLLLLLLLLLLLLQDWIYUJHPAAC
Case #94:
AAAAAAAAAAAAAAAAAACDEEEEE
AAAAAAAAAAAAAAAAAACDEEEEE
AAAAAAAAAAAAAAAAAACDEEEEE
AAAAAAAAAAAAAAAAAACDEEEEE
AAAAAAAAAAAAAAAAAACDEEEEE
AAAAAAAAAAAAAAAAAACDEEEEE
AAAAAAAAAAAAAAAAAACDEEEEE
AAAAAAAAAAAAAAAAAACDEEEEE
AAAAAAAAAAAAAAAAAACDEEEEE
AAAAAAAAAAAAAAAAAACDEEEEE
AAAAAAAAAAAAAAAAAACDEEEEE
AAAAAAAAAAAAAAAAAACDEEEEE
AAAAAAAAAAAAAAAAAACDEEEEE
AAAAAAAAAAAAAAAAAACDEEEEE
BBBBBBBBBBBBBBBBBBCDEEEEE
BBBBBBBBBBBBBBBBBBCDEEEEE
BBBBBBBBBBBBBBBBBBCDEEEEE
BBBBBBBBBBBBBBBBBBCDEEEEE
BBBBBBBBBBBBBBBBBBCDEEEEE
BBBBBBBBBBBBBBBBBBCDEEEEE
BBBBBBBBBBBBBBBBBBCDEEEEE
BBBBBBBBBBBBBBBBBBCDEEEEE
BBBBBBBBBBBBBBBBBBCDEEEEE
BBBBBBBBBBBBBBBBBBCDEEEEE
BBBBBBBBBBBBBBBBBBCDEEEEE
Case #95:
JKPRDG
JNPBOO
CLABII
MHABII
MHQEII
MFFFII
Case #96:
AIJB
AIJE
AIDF
GGGC
HHHH
HHHH
Case #97:
AAAAAAAAACDEFFFFFFJGGGGGG
AAAAAAAAACDEFFFFFFJGGGGGG
AAAAAAAAACDEFFFFFFJGGGGGG
AAAAAAAAACDEFFFFFFJGGGGGG
AAAAAAAAACDEFFFFFFJGGGGGG
AAAAAAAAACDEFFFFFFJGGGGGG
BBBBBBBBBCDEFFFFFFJGGGGGG
BBBBBBBBBCDEFFFFFFJGGGGGG
BBBBBBBBBCDEFFFFFFJGGGGGG
BBBBBBBBBCDEFFFFFFJGGGGGG
BBBBBBBBBCDEFFFFFFJGGGGGG
BBBBBBBBBCDEFFFFFFJGGGGGG
BBBBBBBBBCDEFFFFFFJGGGGGG
BBBBBBBBBCDEFFFFFFJGGGGGG
HHHHHHHHHHHHHHHHHHJIIIIII
HHHHHHHHHHHHHHHHHHJIIIIII
HHHHHHHHHHHHHHHHHHJIIIIII
HHHHHHHHHHHHHHHHHHJIIIIII
HHHHHHHHHHHHHHHHHHJIIIIII
HHHHHHHHHHHHHHHHHHJIIIIII
HHHHHHHHHHHHHHHHHHJIIIIII
HHHHHHHHHHHHHHHHHHJIIIIII
HHHHHHHHHHHHHHHHHHJIIIIII
HHHHHHHHHHHHHHHHHHJIIIIII
HHHHHHHHHHHHHHHHHHJIIIIII
Case #98:
AAAAAAEBBBBBBBBBBBBBBBBBB
AAAAAAEBBBBBBBBBBBBBBBBBB
AAAAAAEBBBBBBBBBBBBBBBBBB
AAAAAAEBBBBBBBBBBBBBBBBBB
AAAAAAEBBBBBBBBBBBBBBBBBB
AAAAAAEBBBBBBBBBBBBBBBBBB
AAAAAAEBBBBBBBBBBBBBBBBBB
AAAAAAEBBBBBBBBBBBBBBBBBB
AAAAAAEBBBBBBBBBBBBBBBBBB
AAAAAAEBBBBBBBBBBBBBBBBBB
CCCCCCEDDDDDDDDDDDDDDDDDD
CCCCCCEDDDDDDDDDDDDDDDDDD
CCCCCCEDDDDDDDDDDDDDDDDDD
CCCCCCEDDDDDDDDDDDDDDDDDD
CCCCCCEDDDDDDDDDDDDDDDDDD
CCCCCCEDDDDDDDDDDDDDDDDDD
CCCCCCEDDDDDDDDDDDDDDDDDD
CCCCCCEDDDDDDDDDDDDDDDDDD
CCCCCCEDDDDDDDDDDDDDDDDDD
CCCCCCEDDDDDDDDDDDDDDDDDD
CCCCCCEDDDDDDDDDDDDDDDDDD
CCCCCCEDDDDDDDDDDDDDDDDDD
CCCCCCEDDDDDDDDDDDDDDDDDD
CCCCCCEDDDDDDDDDDDDDDDDDD
CCCCCCEDDDDDDDDDDDDDDDDDD
Case #99:
NEFIRMYYYYYYYYYYYYYYYYYYY
NEFIRMYYYYYYYYYYYYYYYYYYY
NEFIRMYYYYYYYYYYYYYYYYYYY
NEFIRMYYYYYYYYYYYYYYYYYYY
NEFIRMYYYYYYYYYYYYYYYYYYY
NEFIRMYYYYYYYYYYYYYYYYYYY
NEFIRMYYYYYYYYYYYYYYYYYYY
NEFIRMYYYYYYYYYYYYYYYYYYY
NEFIRMYYYYYYYYYYYYYYYYYYY
NEFIRMYYYYYYYYYYYYYYYYYYY
NLFIRMYYYYYYYYYYYYYYYYYYY
NLFIRMYYYYYYYYYYYYYYYYYYY
GLWIRMYYYYYYYYYYYYYYYYYYY
ZCWIRMYYYYYYYYYYYYYYYYYYY
ZCUSOMYYYYYYYYYYYYYYYYYYY
ZAUPHDYYYYYYYYYYYYYYYYYYY
ZQUPHDYYYYYYYYYYYYYYYYYYY
ZQUPVDYYYYYYYYYYYYYYYYYYY
BTXJVDYYYYYYYYYYYYYYYYYYY
BTXJVDYYYYYYYYYYYYYYYYYYY
KKXJVDYYYYYYYYYYYYYYYYYYY
KKXJVDYYYYYYYYYYYYYYYYYYY
KKXJVDYYYYYYYYYYYYYYYYYYY
KKXJVDYYYYYYYYYYYYYYYYYYY
KKXJVDYYYYYYYYYYYYYYYYYYY
Case #100:
PU
BU
ZC
RC
OS
AS
HD
HD
WD
ME
MK
QL
QL
GT
JT
JT
JX
YV
FV
FV
FI
FI
FN
FN
FN
