Case #1:
GCJ
GCJ
GCJ
Case #2:
CODE
CJAE
CJAM
Case #3:
CA
KE
Case #4:
CCB
CCB
DDE
FFA
Case #5:
FFC
FFC
EEC
DBA
Case #6:
ACBD
ACBD
ECFD
Case #7:
AA
BC
Case #8:
BA
BA
Case #9:
HGA
LKF
DJC
EIB
Case #10:
DDAE
BBCF
BBGG
Case #11:
CFE
CFE
CBD
CBA
Case #12:
HBF
GDA
ECA
ECA
Case #13:
DBGK
CJLE
AHIF
Case #14:
AAA
Case #15:
ABCC
ABCC
ABCC
Case #16:
CCJJ
CCJJ
CCJJ
Case #17:
AAA
AAA
Case #18:
A
A
Case #19:
AAB
CEB
CED
CEF
Case #20:
CAB
Case #21:
EFD
CAB
Case #22:
DAAA
CEBB
CEBB
Case #23:
CAA
CBB
CDD
CEF
Case #24:
AABCCCDEEEFF
Case #25:
ABCD
ABCD
ABCD
Case #26:
FBG
AHE
DCI
DCI
Case #27:
CDB
AJB
GHF
EIF
Case #28:
IDAH
GBCF
GBEE
Case #29:
AAA
DCB
Case #30:
DCC
FBA
EBA
EBA
Case #31:
BDE
CAE
Case #32:
CDBE
CDFG
AAAA
Case #33:
EFJG
ADCH
ADIB
Case #34:
A
Case #35:
ACE
ACB
ACB
FCD
Case #36:
AAAA
BBBB
CCCC
Case #37:
AA
AA
AA
BB
Case #38:
DDFC
BBBE
AAAA
Case #39:
BBEC
BBAD
BBAD
Case #40:
EEC
FFC
AAA
BBD
Case #41:
EBA
GFC
DDC
DDC
Case #42:
CCCC
EAAA
EDDB
Case #43:
CAED
CABB
CABB
Case #44:
AAAA
DDFG
EEBC
Case #45:
DBC
EAA
EAA
EAA
Case #46:
AB
AB
CB
CD
ED
EF
Case #47:
DCC
AAB
AAE
FFE
Case #48:
CFA
CDA
EDA
EDB
Case #49:
IDE
GHF
AAC
AAB
Case #50:
FBC
DBC
DBC
EEA
Case #51:
ABC
DBC
DBE
Case #52:
AAAA
DDCC
BBBE
Case #53:
ABB
Case #54:
AA
Case #55:
ADD
EBB
CCC
CCC
Case #56:
CCEE
AAAA
DDBB
Case #57:
AAAA
BBBB
CCCC
Case #58:
BAA
BAA
Case #59:
AC
DB
Case #60:
AAAA
DCCC
FEBB
Case #61:
HGE
JBI
DAC
DKF
Case #62:
AA
AA
Case #63:
DEBB
AABB
AACC
Case #64:
B
A
Case #65:
ECCC
BBAA
DDAA
Case #66:
DBC
EBC
FAC
FAC
Case #67:
ACEE
ACEE
BCDF
Case #68:
CFEE
CAEE
GDBB
Case #69:
EEED
AAAA
CCCB
Case #70:
FCD
EEA
BBA
BBA
Case #71:
AAAB
AAAB
Case #72:
AAAA
BBBB
CCCC
Case #73:
ABCD
ABCD
ABCD
Case #74:
EBCC
ADCC
ADCC
Case #75:
AAA
BDG
FHE
CCC
Case #76:
HEBB
CDBB
GFAI
Case #77:
ABCD
ABCD
ABCD
Case #78:
ABBB
ABBB
ACED
Case #79:
ABC
ABC
Case #80:
EAGG
JFDI
CHBB
Case #81:
BAA
DAA
EAA
CCF
Case #82:
CAAB
CAAD
CAAE
Case #83:
BA
Case #84:
BIDC
HAKE
LJGF
Case #85:
BBBA
EECA
EEDA
Case #86:
AAA
BBD
BBE
CCC
Case #87:
AIB
CFD
EGH
EGH
Case #88:
ECJ
FBK
IHA
GDA
Case #89:
CB
AD
AD
AD
AD
EE
Case #90:
ABBCCC
ADEEEF
Case #91:
AADD
CBBB
CEEE
Case #92:
BFAE
BDCC
BDCC
Case #93:
JAB
KEF
DGH
ILC
Case #94:
AFLI
CJDK
EHBG
Case #95:
BFD
BED
HGA
ICA
Case #96:
A
A
B
C
C
C
D
E
E
E
F
F
Case #97:
ACB
ACB
DCE
DFE
Case #98:
AAA
BBC
BBD
FFE
Case #99:
ADD
BBB
CCE
Case #100:
DACE
DACB
DACB
