Case #1:
GCJ
GCJ
GCJ
Case #2:
CODE
CJAE
CJAM
Case #3:
CA
KE
Case #4:
FCE
AAB
AAD
AAD
Case #5:
B
A
Case #6:
DAE
DAE
BAC
BFC
Case #7:
CDDD
BEEE
AAAA
Case #8:
DHGL
EBKF
IACJ
Case #9:
EAA
FBD
CCC
CCC
Case #10:
ACB
ACB
DCE
DFE
Case #11:
HFDD
CEDD
GABB
Case #12:
CEDD
CBBB
AAAA
Case #13:
ABCC
ABCC
AEDD
Case #14:
AC
DB
Case #15:
BEC
AAD
AAD
AAD
Case #16:
FACB
FAED
FAEG
Case #17:
DAAC
BAAC
BAAE
Case #18:
A
A
Case #19:
ACBD
ACBD
ECFD
Case #20:
AAB
CEB
CED
CEF
Case #21:
ABCD
ABCD
ABCD
Case #22:
BCCC
AADE
AADE
Case #23:
BAED
CAED
CAED
Case #24:
ACEE
ACEE
BCDF
Case #25:
AAA
Case #26:
GGIA
CCDF
HEJB
Case #27:
FIE
BCG
BDA
BDH
Case #28:
AA
CB
Case #29:
AAAA
BBBB
CCCC
Case #30:
AA
Case #31:
AEKL
DFCB
GIJH
Case #32:
KFL
ECH
GBI
ADJ
Case #33:
EABD
CABD
CABD
Case #34:
ACB
ACB
ACB
DEF
Case #35:
IDA
JHF
KCE
GGB
Case #36:
FFA
CCA
EEA
BDA
Case #37:
ADBE
ADBC
ADBC
Case #38:
AAAA
BBCG
FDEH
Case #39:
ABCC
ABCC
ABCC
Case #40:
AAAA
BBBB
CCCC
Case #41:
AAA
BCC
FEE
DEE
Case #42:
AAA
AAA
Case #43:
AA
AA
AA
BB
Case #44:
BAAA
DAAA
CCCE
Case #45:
ABC
DBC
DBE
Case #46:
CADB
EADB
EADB
Case #47:
CADD
EBBB
EBBB
Case #48:
EDF
EBB
CAA
CAA
Case #49:
ECAA
DCAA
DCBB
Case #50:
CAD
CAD
EAF
BAF
Case #51:
EEC
FFA
BBA
DDA
Case #52:
CBD
AAE
Case #53:
BBB
EED
CFD
CAA
Case #54:
ABB
ABB
Case #55:
CIE
BGA
DFJ
KHL
Case #56:
ABCD
ABCD
ABCD
Case #57:
EDD
JBI
KAH
CGF
Case #58:
BBD
BBE
FCG
AAA
Case #59:
AA
BB
Case #60:
AJHD
KFBE
CIGE
Case #61:
ECAF
EDBB
EDBB
Case #62:
BBB
DFE
CCC
AAA
Case #63:
CCF
CCE
BDA
BDA
Case #64:
AABCCCDEEEFF
Case #65:
ADD
BBB
CCE
Case #66:
ABC
ABC
Case #67:
DAA
DAA
FCC
EEB
Case #68:
AAAB
AAAB
Case #69:
FFAA
BBED
CCCC
Case #70:
BGAF
DCHF
IEEE
Case #71:
AB
AB
CB
CD
ED
EF
Case #72:
CDEA
CBBA
CBBA
Case #73:
CCJJ
CCJJ
CCJJ
Case #74:
BBAE
DCAE
DCAE
Case #75:
AAAA
BBBB
CCCC
Case #76:
ABCD
ABCD
ABCD
Case #77:
DBB
AEE
AFC
AFC
Case #78:
DEC
BAF
BAG
BAG
Case #79:
GIJ
FCE
ABH
ABD
Case #80:
AAB
CDB
Case #81:
CAB
Case #82:
ECB
FHD
AGD
AGD
Case #83:
AFB
AFB
ACC
AED
Case #84:
GEBH
KAID
CFJD
Case #85:
JEK
DIB
GFH
ALC
Case #86:
AA
AA
Case #87:
A
Case #88:
CAD
EFB
Case #89:
AAAA
BBCC
DEEE
Case #90:
EBBB
DBBB
ACCC
Case #91:
DB
AB
AC
AC
AC
AE
Case #92:
BAA
Case #93:
FCG
HAB
EDB
EDB
Case #94:
FHG
EDA
BCJ
ICJ
Case #95:
A
A
B
C
C
C
D
E
E
E
F
F
Case #96:
CAAA
DFIG
BHEG
Case #97:
CBB
CBB
CEA
FDA
Case #98:
AB
Case #99:
CHBB
DIEF
GAAA
Case #100:
ABBCCC
ADEEEF
